#
# A fatal error has been detected by the Java Runtime Environment:
#
#  EXCEPTION_ACCESS_VIOLATION (0xc0000005) at pc=0x000001bca8fad791, pid=14744, tid=3156
#
# JRE version: Java(TM) SE Runtime Environment (15.0.2+7) (build 15.0.2+7-27)
# Java VM: Java HotSpot(TM) 64-Bit Server VM (15.0.2+7-27, mixed mode, sharing, tiered, compressed oops, g1 gc, windows-amd64)
# Problematic frame:
# j  org.apache.jena.graph.Triple$Field$3.lambda$filterOn$0(Lorg/apache/jena/graph/Node;Lorg/apache/jena/graph/Triple;)Z+5
#
# No core dump will be written. Minidumps are not enabled by default on client versions of Windows
#
# If you would like to submit a bug report, please visit:
#   https://bugreport.java.com/bugreport/crash.jsp
#

---------------  S U M M A R Y ------------

Command Line: IDC.InstanceDrivenComparisonMain

Host: Intel(R) Core(TM) i7-6500U CPU @ 2.50GHz, 4 cores, 15G,  Windows 10 , 64 bit Build 19041 (10.0.19041.1466)
Time: Tue Feb  8 18:50:38 2022 Hora padrão de GMT elapsed time: 71.973960 seconds (0d 0h 1m 11s)

---------------  T H R E A D  ---------------

Current thread (0x000001bca0d573b0):  JavaThread "main" [_thread_in_Java, id=3156, stack(0x00000012fdf00000,0x00000012fe000000)]

Stack: [0x00000012fdf00000,0x00000012fe000000],  sp=0x00000012fdffe968,  free space=1018k
Native frames: (J=compiled Java code, j=interpreted, Vv=VM code, C=native code)
C  0x000001bca8fad791


siginfo: EXCEPTION_ACCESS_VIOLATION (0xc0000005), reading address 0xffffffffffffffff


Register to memory mapping:

RIP=0x000001bca8fad791 is at code_begin+1297 in an Interpreter codelet
invokevirtual  182 invokevirtual  [0x000001bca8fad280, 0x000001bca8fad7a0]  1312 bytes
RAX=0x0000000800000000 is pointing into metadata
RBX=0x01bca8fa0520ba49 is an unknown value
RCX=0x000000070263aad8 is pointing into object: [I 
{0x000000070263aab0} - klass: {type array int}
 - length: 14
RDX=0x000001bcc6e25ae0 is pointing into metadata
RSP=0x00000012fdffe968 is pointing into the stack for thread: 0x000001bca0d573b0
RBP=0x00000012fdffe9c8 is pointing into the stack for thread: 0x000001bca0d573b0
RSI=0x000001bcc5145e78 points into unknown readable memory: 0x90009dbce47e2573 | 73 25 7e e4 bc 9d 00 90
RDI=0x000001bcc53d9dc0 points into unknown readable memory: 0x0000000800000060 | 60 00 00 00 08 00 00 00
R8 =0x000001bc9ed00e40 points into unknown readable memory: 0x000001bc9ed00cc0 | c0 0c d0 9e bc 01 00 00
R9 =0x0000000000000001 is an unknown value
R10=0x0000000800000000 is pointing into metadata
R11=0x00000012fdffe920 is pointing into the stack for thread: 0x000001bca0d573b0
R12=0x0 is NULL
R13=0x00000012fdffe970 is pointing into the stack for thread: 0x000001bca0d573b0
R14=0x000001bcc6e25ae0 is pointing into metadata
R15=0x000001bca0d573b0 is a thread


Registers:
RAX=0x0000000800000000, RBX=0x01bca8fa0520ba49, RCX=0x000000070263aad8, RDX=0x000001bcc6e25ae0
RSP=0x00000012fdffe968, RBP=0x00000012fdffe9c8, RSI=0x000001bcc5145e78, RDI=0x000001bcc53d9dc0
R8 =0x000001bc9ed00e40, R9 =0x0000000000000001, R10=0x0000000800000000, R11=0x00000012fdffe920
R12=0x0000000000000000, R13=0x00000012fdffe970, R14=0x000001bcc6e25ae0, R15=0x000001bca0d573b0
RIP=0x000001bca8fad791, EFLAGS=0x0000000000010297

Top of Stack: (sp=0x00000012fdffe968)
0x00000012fdffe968:   000001bca8f99950 0000000703b64730
0x00000012fdffe978:   000000070263aad8 00000012fdffe980
0x00000012fdffe988:   000001bcc41ab365 00000012fdffe9e0
0x00000012fdffe998:   000001bcc41abd58 000001bcc6e25ae0
0x00000012fdffe9a8:   00000007026e4660 000001bcc41ab388
0x00000012fdffe9b8:   00000012fdffe970 00000012fdffe9d8
0x00000012fdffe9c8:   00000012fdffea30 000001bca8f99950
0x00000012fdffe9d8:   0000000000000000 0000000000000000
0x00000012fdffe9e8:   00000012fdffe9e8 000001bcc62a65d0
0x00000012fdffe9f8:   00000012fdffea48 000001bcc62a6650
0x00000012fdffea08:   000001bcc6e25918 0000000702a38ba8
0x00000012fdffea18:   000001bcc62a65d8 00000012fdffe9d8
0x00000012fdffea28:   00000012fdffea40 00000012fdffea98
0x00000012fdffea38:   000001bca8f99995 0000000000000000
0x00000012fdffea48:   0000000000000000 00000012fdffea50
0x00000012fdffea58:   00000008007d810a 00000012fdffeab8 

Instructions: (pc=0x000001bca8fad791)
0x000001bca8fad691:   08 00 00 00 4d 03 ea 4c 33 6a 08 49 f7 c5 fc ff
0x000001bca8fad6a1:   ff ff 74 38 49 f7 c5 02 00 00 00 75 2f 48 81 7a
0x000001bca8fad6b1:   08 00 00 00 00 74 21 48 81 7a 08 01 00 00 00 74
0x000001bca8fad6c1:   17 4c 33 6a 08 49 f7 c5 fc ff ff ff 74 0e 48 81
0x000001bca8fad6d1:   4a 08 02 00 00 00 eb 04 4c 89 6a 08 48 83 c2 10
0x000001bca8fad6e1:   4c 8b 6a e8 41 83 ed 02 41 83 fd 02 0f 8c 8a 00
0x000001bca8fad6f1:   00 00 4c 8b 6b 08 45 0f b7 6d 34 4c 2b 2a 41 83
0x000001bca8fad701:   ed 01 4e 8b 6c ec 08 4d 85 ed 75 0a 48 81 4a 08
0x000001bca8fad711:   01 00 00 00 eb 5a 45 8b 6d 08 49 c1 e5 03 49 ba
0x000001bca8fad721:   00 00 00 00 08 00 00 00 4d 03 ea 4c 33 6a 08 49
0x000001bca8fad731:   f7 c5 fc ff ff ff 74 38 49 f7 c5 02 00 00 00 75
0x000001bca8fad741:   2f 48 81 7a 08 00 00 00 00 74 21 48 81 7a 08 01
0x000001bca8fad751:   00 00 00 74 17 4c 33 6a 08 49 f7 c5 fc ff ff ff
0x000001bca8fad761:   74 0e 48 81 4a 08 02 00 00 00 eb 04 4c 89 6a 08
0x000001bca8fad771:   48 83 c2 10 4c 8b 6a d8 41 83 ed 04 41 c1 e5 03
0x000001bca8fad781:   49 03 d5 48 89 55 d8 4c 8d 6c 24 08 4c 89 6d f0
0x000001bca8fad791:   ff 63 48 0f 1f 40 00 00 00 00 00 00 00 00 00 00
0x000001bca8fad7a1:   03 00 00 00 00 00 00 d0 2e 75 2a fc 7f 00 00 b7
0x000001bca8fad7b1:   00 00 00 00 00 00 00 00 00 00 00 00 00 00 00 50
0x000001bca8fad7c1:   e9 39 00 00 00 48 83 ec 08 c5 fa 11 04 24 e9 2b
0x000001bca8fad7d1:   00 00 00 48 83 ec 10 c5 fb 11 04 24 e9 1d 00 00
0x000001bca8fad7e1:   00 48 83 ec 10 48 89 04 24 49 ba 00 00 00 00 00
0x000001bca8fad7f1:   00 00 00 4c 89 54 24 08 e9 01 00 00 00 50 4c 89
0x000001bca8fad801:   6d c0 41 0f b7 55 01 48 8b 4d d0 c1 e2 02 8b 5c
0x000001bca8fad811:   d1 20 c1 eb 10 81 e3 ff 00 00 00 81 fb b7 00 00
0x000001bca8fad821:   00 0f 84 c8 00 00 00 bb b7 00 00 00 e8 05 00 00
0x000001bca8fad831:   00 e9 ad 00 00 00 48 8b d3 48 8d 44 24 08 4c 89
0x000001bca8fad841:   6d c0 49 8b cf c5 f8 77 49 89 af 18 03 00 00 49
0x000001bca8fad851:   89 87 08 03 00 00 48 83 ec 20 f7 c4 0f 00 00 00
0x000001bca8fad861:   0f 84 1a 00 00 00 48 83 ec 08 49 ba 10 cb 24 2a
0x000001bca8fad871:   fc 7f 00 00 41 ff d2 48 83 c4 08 e9 0d 00 00 00
0x000001bca8fad881:   49 ba 10 cb 24 2a fc 7f 00 00 41 ff d2 48 83 c4 


Stack slot to memory mapping:
stack at sp + 0 slots: 0x000001bca8f99950 is at code_begin+208 in an Interpreter codelet
invoke return entry points  [0x000001bca8f99880, 0x000001bca8f9a280]  2560 bytes
stack at sp + 1 slots: 0x0000000703b64730 is an oop: org.apache.jena.graph.Node_URI 
{0x0000000703b64730} - klass: 'org/apache/jena/graph/Node_URI'
stack at sp + 2 slots: 0x000000070263aad8 is pointing into object: [I 
{0x000000070263aab0} - klass: {type array int}
 - length: 14
stack at sp + 3 slots: 0x00000012fdffe980 is pointing into the stack for thread: 0x000001bca0d573b0
stack at sp + 4 slots: 0x000001bcc41ab365 is pointing into metadata
stack at sp + 5 slots: 0x00000012fdffe9e0 is pointing into the stack for thread: 0x000001bca0d573b0
stack at sp + 6 slots: 0x000001bcc41abd58 is pointing into metadata
stack at sp + 7 slots: 0x000001bcc6e25ae0 is pointing into metadata

invokevirtual  182 invokevirtual  [0x000001bca8fad280, 0x000001bca8fad7a0]  1312 bytes
[MachCode]
  0x000001bca8fad280: 50e9 3900 | 0000 4883 | ec08 c5fa | 1104 24e9 | 2b00 0000 | 4883 ec10 | c5fb 1104 | 24e9 1d00 
  0x000001bca8fad2a0: 0000 4883 | ec10 4889 | 0424 49ba | 0000 0000 | 0000 0000 | 4c89 5424 | 08e9 0100 | 0000 504c 
  0x000001bca8fad2c0: 896d c041 | 0fb7 5501 | 488b 4dd0 | c1e2 028b | 5cd1 20c1 | eb18 81e3 | ff00 0000 | 81fb b600 
  0x000001bca8fad2e0: 0000 0f84 | c800 0000 | bbb6 0000 | 00e8 0500 | 0000 e9ad | 0000 0048 | 8bd3 488d | 4424 084c 
  0x000001bca8fad300: 896d c049 | 8bcf c5f8 | 7749 89af | 1803 0000 | 4989 8708 | 0300 0048 | 83ec 20f7 | c40f 0000 
  0x000001bca8fad320: 000f 841a | 0000 0048 | 83ec 0849 | ba10 cb24 | 2afc 7f00 | 0041 ffd2 | 4883 c408 | e90d 0000 
  0x000001bca8fad340: 0049 ba10 | cb24 2afc | 7f00 0041 | ffd2 4883 | c420 49ba | 0000 0000 | 0000 0000 | 4d89 9708 
  0x000001bca8fad360: 0300 0049 | ba00 0000 | 0000 0000 | 004d 8997 | 1803 0000 | 49ba 0000 | 0000 0000 | 0000 4d89 
  0x000001bca8fad380: 9710 0300 | 00c5 f877 | 4981 7f08 | 0000 0000 | 0f84 0500 | 0000 e9e5 | 3afe ff4c | 8b6d c04c 
  0x000001bca8fad3a0: 8b75 c8c3 | 410f b755 | 0148 8b4d | d0c1 e202 | 488b 5cd1 | 308b 54d1 | 388b ca81 | e1ff 0000 
  0x000001bca8fad3c0: 0048 8b4c | ccf8 448b | eac1 ea1c | 49ba 20f1 | 9a2a fc7f | 0000 498b | 14d2 5241 | 8bd5 4c8b 
  0x000001bca8fad3e0: 6dc0 8bc2 | 81e0 0000 | 1000 0f84 | 8401 0000 | 483b 0148 | 8b45 d848 | 85c0 0f84 | 1200 0000 
  0x000001bca8fad400: 4883 4008 | 0148 8358 | 0800 4883 | c038 4889 | 45d8 488b | 45d8 4885 | c00f 8449 | 0100 0080 
  0x000001bca8fad420: 78c8 0b0f | 853f 0100 | 0048 83c0 | 084c 8b68 | f841 83ed | 0041 83fd | 020f 8c1e | 0100 004c 
  0x000001bca8fad440: 8b6b 0845 | 0fb7 6d34 | 4c2b 2841 | 83ed 014e | 8b6c ec08 | 4d85 ed75 | 0a48 8148 | 0801 0000 
  0x000001bca8fad460: 00eb 5a45 | 8b6d 0849 | c1e5 0349 | ba00 0000 | 0008 0000 | 004d 03ea | 4c33 6808 | 49f7 c5fc 
  0x000001bca8fad480: ffff ff74 | 3849 f7c5 | 0200 0000 | 752f 4881 | 7808 0000 | 0000 7421 | 4881 7808 | 0100 0000 
  0x000001bca8fad4a0: 7417 4c33 | 6808 49f7 | c5fc ffff | ff74 0e48 | 8148 0802 | 0000 00eb | 044c 8968 | 0848 83c0 
  0x000001bca8fad4c0: 104c 8b68 | e841 83ed | 0241 83fd | 020f 8c8a | 0000 004c | 8b6b 0845 | 0fb7 6d34 | 4c2b 2841 
  0x000001bca8fad4e0: 83ed 014e | 8b6c ec08 | 4d85 ed75 | 0a48 8148 | 0801 0000 | 00eb 5a45 | 8b6d 0849 | c1e5 0349 
  0x000001bca8fad500: ba00 0000 | 0008 0000 | 004d 03ea | 4c33 6808 | 49f7 c5fc | ffff ff74 | 3849 f7c5 | 0200 0000 
  0x000001bca8fad520: 752f 4881 | 7808 0000 | 0000 7421 | 4881 7808 | 0100 0000 | 7417 4c33 | 6808 49f7 | c5fc ffff 
  0x000001bca8fad540: ff74 0e48 | 8148 0802 | 0000 00eb | 044c 8968 | 0848 83c0 | 104c 8b68 | d841 83ed | 0441 c1e5 
  0x000001bca8fad560: 0349 03c5 | 4889 45d8 | 4c8d 6c24 | 084c 896d | f0ff 6348 | 8b41 0848 | c1e0 0349 | ba00 0000 
  0x000001bca8fad580: 0008 0000 | 0049 03c2 | 4c8b 75d8 | 4d85 f60f | 8495 0000 | 0049 8b56 | 1848 3bd0 | 0f85 0f00 
  0x000001bca8fad5a0: 0000 4983 | 4620 0149 | 835e 2000 | e971 0000 | 0048 85d2 | 0f84 4200 | 0000 498b | 5628 483b 
  0x000001bca8fad5c0: d00f 850f | 0000 0049 | 8346 3001 | 4983 5e30 | 00e9 4c00 | 0000 4885 | d274 0f49 | 8346 0801 
  0x000001bca8fad5e0: 4983 5e08 | 00e9 3800 | 0000 4989 | 4628 ba01 | 0000 0049 | 8956 30e9 | 2600 0000 | 493b 4628 
  0x000001bca8fad600: 0f85 0f00 | 0000 4983 | 4630 0149 | 835e 3000 | e90d 0000 | 0049 8946 | 18ba 0100 | 0000 4989 
  0x000001bca8fad620: 5620 4983 | c638 4c89 | 75d8 488b | 9cd8 c801 | 0000 488b | 55d8 4885 | d20f 8449 | 0100 0080 
  0x000001bca8fad640: 7ac8 0b0f | 853f 0100 | 0048 83c2 | 084c 8b6a | f841 83ed | 0041 83fd | 020f 8c1e | 0100 004c 
  0x000001bca8fad660: 8b6b 0845 | 0fb7 6d34 | 4c2b 2a41 | 83ed 014e | 8b6c ec08 | 4d85 ed75 | 0a48 814a | 0801 0000 
  0x000001bca8fad680: 00eb 5a45 | 8b6d 0849 | c1e5 0349 | ba00 0000 | 0008 0000 | 004d 03ea | 4c33 6a08 | 49f7 c5fc 
  0x000001bca8fad6a0: ffff ff74 | 3849 f7c5 | 0200 0000 | 752f 4881 | 7a08 0000 | 0000 7421 | 4881 7a08 | 0100 0000 
  0x000001bca8fad6c0: 7417 4c33 | 6a08 49f7 | c5fc ffff | ff74 0e48 | 814a 0802 | 0000 00eb | 044c 896a | 0848 83c2 
  0x000001bca8fad6e0: 104c 8b6a | e841 83ed | 0241 83fd | 020f 8c8a | 0000 004c | 8b6b 0845 | 0fb7 6d34 | 4c2b 2a41 
  0x000001bca8fad700: 83ed 014e | 8b6c ec08 | 4d85 ed75 | 0a48 814a | 0801 0000 | 00eb 5a45 | 8b6d 0849 | c1e5 0349 
  0x000001bca8fad720: ba00 0000 | 0008 0000 | 004d 03ea | 4c33 6a08 | 49f7 c5fc | ffff ff74 | 3849 f7c5 | 0200 0000 
  0x000001bca8fad740: 752f 4881 | 7a08 0000 | 0000 7421 | 4881 7a08 | 0100 0000 | 7417 4c33 | 6a08 49f7 | c5fc ffff 
  0x000001bca8fad760: ff74 0e48 | 814a 0802 | 0000 00eb | 044c 896a | 0848 83c2 | 104c 8b6a | d841 83ed | 0441 c1e5 
  0x000001bca8fad780: 0349 03d5 | 4889 55d8 | 4c8d 6c24 | 084c 896d | f0ff 6348 | 0f1f 4000 | 0000 0000 | 0000 0000 
[/MachCode]

---------------  P R O C E S S  ---------------

Threads class SMR info:
_java_thread_list=0x000001bcc51442c0, length=11, elements={
0x000001bca0d573b0, 0x000001bcc3b817d0, 0x000001bcc3b823a0, 0x000001bcc3b99b40,
0x000001bcc3b9c510, 0x000001bcc3b9e770, 0x000001bcc44c0f40, 0x000001bcc44c5690,
0x000001bcc44c6920, 0x000001bcc45eb9a0, 0x000001bcc4632c50
}

Java Threads: ( => current thread )
=>0x000001bca0d573b0 JavaThread "main" [_thread_in_Java, id=3156, stack(0x00000012fdf00000,0x00000012fe000000)]
  0x000001bcc3b817d0 JavaThread "Reference Handler" daemon [_thread_blocked, id=14940, stack(0x00000012fe600000,0x00000012fe700000)]
  0x000001bcc3b823a0 JavaThread "Finalizer" daemon [_thread_blocked, id=8100, stack(0x00000012fe700000,0x00000012fe800000)]
  0x000001bcc3b99b40 JavaThread "Signal Dispatcher" daemon [_thread_blocked, id=14380, stack(0x00000012fe800000,0x00000012fe900000)]
  0x000001bcc3b9c510 JavaThread "Attach Listener" daemon [_thread_blocked, id=15616, stack(0x00000012fe900000,0x00000012fea00000)]
  0x000001bcc3b9e770 JavaThread "Service Thread" daemon [_thread_blocked, id=14480, stack(0x00000012fea00000,0x00000012feb00000)]
  0x000001bcc44c0f40 JavaThread "C2 CompilerThread0" daemon [_thread_blocked, id=6128, stack(0x00000012feb00000,0x00000012fec00000)]
  0x000001bcc44c5690 JavaThread "C1 CompilerThread0" daemon [_thread_blocked, id=4420, stack(0x00000012fec00000,0x00000012fed00000)]
  0x000001bcc44c6920 JavaThread "Sweeper thread" daemon [_thread_blocked, id=13180, stack(0x00000012fed00000,0x00000012fee00000)]
  0x000001bcc45eb9a0 JavaThread "Notification Thread" daemon [_thread_blocked, id=16124, stack(0x00000012fee00000,0x00000012fef00000)]
  0x000001bcc4632c50 JavaThread "Common-Cleaner" daemon [_thread_blocked, id=5808, stack(0x00000012ff000000,0x00000012ff100000)]

Other Threads:
  0x000001bcc3b7d7a0 VMThread "VM Thread" [stack: 0x00000012fe500000,0x00000012fe600000] [id=4256]
  0x000001bcc45f0e90 WatcherThread [stack: 0x00000012fef00000,0x00000012ff000000] [id=12972]
  0x000001bca0da93a0 GCTaskThread "GC Thread#0" [stack: 0x00000012fe000000,0x00000012fe100000] [id=5776]
  0x000001bcc4904e40 GCTaskThread "GC Thread#1" [stack: 0x00000012ff200000,0x00000012ff300000] [id=15500]
  0x000001bcc49044b0 GCTaskThread "GC Thread#2" [stack: 0x00000012ff300000,0x00000012ff400000] [id=11756]
  0x000001bcc49024d0 GCTaskThread "GC Thread#3" [stack: 0x00000012ff400000,0x00000012ff500000] [id=12196]
  0x000001bca0dbb300 ConcurrentGCThread "G1 Main Marker" [stack: 0x00000012fe100000,0x00000012fe200000] [id=3376]
  0x000001bca0dbc690 ConcurrentGCThread "G1 Conc#0" [stack: 0x00000012fe200000,0x00000012fe300000] [id=14640]
  0x000001bca0e21310 ConcurrentGCThread "G1 Refine#0" [stack: 0x00000012fe300000,0x00000012fe400000] [id=2780]
  0x000001bcc53a0b50 ConcurrentGCThread "G1 Refine#1" [stack: 0x00000012ff600000,0x00000012ff700000] [id=14692]
  0x000001bcc4c36e80 ConcurrentGCThread "G1 Refine#2" [stack: 0x00000012ff700000,0x00000012ff800000] [id=5240]
  0x000001bcc3a020c0 ConcurrentGCThread "G1 Young RemSet Sampling" [stack: 0x00000012fe400000,0x00000012fe500000] [id=6648]

Threads with active compile tasks:

VM state: not at safepoint (normal execution)

VM Mutex/Monitor currently owned by a thread: None

Heap address: 0x0000000702000000, size: 4064 MB, Compressed Oops mode: Zero based, Oop shift amount: 3
CDS archive(s) mapped at: [0x0000000800000000-0x0000000800b50000-0x0000000800b50000), size 11862016, SharedBaseAddress: 0x0000000800000000, ArchiveRelocationMode: 0.
Compressed class space mapped at: 0x0000000800b50000-0x0000000840b50000, size: 1073741824
Narrow klass base: 0x0000000800000000, Narrow klass shift: 3, Narrow klass range: 0x100000000

GC Precious Log:
 CPUs: 4 total, 4 available
 Memory: 16248M
 Large Page Support: Disabled
 NUMA Support: Disabled
 Compressed Oops: Enabled (Zero based)
 Heap Region Size: 2M
 Heap Min Capacity: 8M
 Heap Initial Capacity: 254M
 Heap Max Capacity: 4064M
 Pre-touch: Disabled
 Parallel Workers: 4
 Concurrent Workers: 1
 Concurrent Refinement Workers: 4
 Periodic GC: Disabled

Heap:
 garbage-first heap   total 479232K, used 277974K [0x0000000702000000, 0x0000000800000000)
  region size 2048K, 123 young (251904K), 2 survivors (4096K)
 Metaspace       used 23057K, capacity 23405K, committed 23600K, reserved 1071104K
  class space    used 2671K, capacity 2823K, committed 2944K, reserved 1048576K

Heap Regions: E=young(eden), S=young(survivor), O=old, HS=humongous(starts), HC=humongous(continues), CS=collection set, F=free, OA=open archive, CA=closed archive, TAMS=top-at-mark-start (previous, next)
|   0|0x0000000702000000, 0x0000000702200000, 0x0000000702200000|100%| O|  |TAMS 0x0000000702200000, 0x0000000702000000| Untracked 
|   1|0x0000000702200000, 0x0000000702400000, 0x0000000702400000|100%| O|  |TAMS 0x0000000702400000, 0x0000000702200000| Untracked 
|   2|0x0000000702400000, 0x00000007024a5200, 0x0000000702600000| 32%| O|  |TAMS 0x00000007024a5200, 0x0000000702400000| Untracked 
|   3|0x0000000702600000, 0x0000000702800000, 0x0000000702800000|100%| O|  |TAMS 0x0000000702600000, 0x0000000702600000| Untracked 
|   4|0x0000000702800000, 0x0000000702a00000, 0x0000000702a00000|100%| O|  |TAMS 0x0000000702800000, 0x0000000702800000| Untracked 
|   5|0x0000000702a00000, 0x0000000702c00000, 0x0000000702c00000|100%| O|  |TAMS 0x0000000702a00000, 0x0000000702a00000| Untracked 
|   6|0x0000000702c00000, 0x0000000702e00000, 0x0000000702e00000|100%| O|  |TAMS 0x0000000702c00000, 0x0000000702c00000| Untracked 
|   7|0x0000000702e00000, 0x0000000703000000, 0x0000000703000000|100%| O|  |TAMS 0x0000000702e00000, 0x0000000702e00000| Untracked 
|   8|0x0000000703000000, 0x0000000703200000, 0x0000000703200000|100%| O|  |TAMS 0x0000000703000000, 0x0000000703000000| Untracked 
|   9|0x0000000703200000, 0x0000000703400000, 0x0000000703400000|100%| O|  |TAMS 0x0000000703200000, 0x0000000703200000| Untracked 
|  10|0x0000000703400000, 0x0000000703600000, 0x0000000703600000|100%| O|  |TAMS 0x0000000703400000, 0x0000000703400000| Untracked 
|  11|0x0000000703600000, 0x0000000703800000, 0x0000000703800000|100%| O|  |TAMS 0x0000000703600000, 0x0000000703600000| Untracked 
|  12|0x0000000703800000, 0x0000000703a00000, 0x0000000703a00000|100%| O|  |TAMS 0x0000000703800000, 0x0000000703800000| Untracked 
|  13|0x0000000703a00000, 0x0000000703c00000, 0x0000000703c00000|100%| O|  |TAMS 0x0000000703a00000, 0x0000000703a00000| Untracked 
|  14|0x0000000703c00000, 0x0000000703dc5200, 0x0000000703e00000| 88%| O|  |TAMS 0x0000000703c00000, 0x0000000703c00000| Untracked 
|  15|0x0000000703e00000, 0x0000000703e00000, 0x0000000704000000|  0%| F|  |TAMS 0x0000000703e00000, 0x0000000703e00000| Untracked 
|  16|0x0000000704000000, 0x0000000704000000, 0x0000000704200000|  0%| F|  |TAMS 0x0000000704000000, 0x0000000704000000| Untracked 
|  17|0x0000000704200000, 0x0000000704200000, 0x0000000704400000|  0%| F|  |TAMS 0x0000000704200000, 0x0000000704200000| Untracked 
|  18|0x0000000704400000, 0x0000000704400000, 0x0000000704600000|  0%| F|  |TAMS 0x0000000704400000, 0x0000000704400000| Untracked 
|  19|0x0000000704600000, 0x0000000704600000, 0x0000000704800000|  0%| F|  |TAMS 0x0000000704600000, 0x0000000704600000| Untracked 
|  20|0x0000000704800000, 0x0000000704800000, 0x0000000704a00000|  0%| F|  |TAMS 0x0000000704800000, 0x0000000704800000| Untracked 
|  21|0x0000000704a00000, 0x0000000704a00000, 0x0000000704c00000|  0%| F|  |TAMS 0x0000000704a00000, 0x0000000704a00000| Untracked 
|  22|0x0000000704c00000, 0x0000000704c00000, 0x0000000704e00000|  0%| F|  |TAMS 0x0000000704c00000, 0x0000000704c00000| Untracked 
|  23|0x0000000704e00000, 0x0000000704e00000, 0x0000000705000000|  0%| F|  |TAMS 0x0000000704e00000, 0x0000000704e00000| Untracked 
|  24|0x0000000705000000, 0x0000000705000000, 0x0000000705200000|  0%| F|  |TAMS 0x0000000705000000, 0x0000000705000000| Untracked 
|  25|0x0000000705200000, 0x0000000705200000, 0x0000000705400000|  0%| F|  |TAMS 0x0000000705200000, 0x0000000705200000| Untracked 
|  26|0x0000000705400000, 0x0000000705400000, 0x0000000705600000|  0%| F|  |TAMS 0x0000000705400000, 0x0000000705400000| Untracked 
|  27|0x0000000705600000, 0x0000000705600000, 0x0000000705800000|  0%| F|  |TAMS 0x0000000705600000, 0x0000000705600000| Untracked 
|  28|0x0000000705800000, 0x0000000705800000, 0x0000000705a00000|  0%| F|  |TAMS 0x0000000705800000, 0x0000000705800000| Untracked 
|  29|0x0000000705a00000, 0x0000000705a00000, 0x0000000705c00000|  0%| F|  |TAMS 0x0000000705a00000, 0x0000000705a00000| Untracked 
|  30|0x0000000705c00000, 0x0000000705c00000, 0x0000000705e00000|  0%| F|  |TAMS 0x0000000705c00000, 0x0000000705c00000| Untracked 
|  31|0x0000000705e00000, 0x0000000705e00000, 0x0000000706000000|  0%| F|  |TAMS 0x0000000705e00000, 0x0000000705e00000| Untracked 
|  32|0x0000000706000000, 0x0000000706000000, 0x0000000706200000|  0%| F|  |TAMS 0x0000000706000000, 0x0000000706000000| Untracked 
|  33|0x0000000706200000, 0x0000000706200000, 0x0000000706400000|  0%| F|  |TAMS 0x0000000706200000, 0x0000000706200000| Untracked 
|  34|0x0000000706400000, 0x0000000706400000, 0x0000000706600000|  0%| F|  |TAMS 0x0000000706400000, 0x0000000706400000| Untracked 
|  35|0x0000000706600000, 0x0000000706600000, 0x0000000706800000|  0%| F|  |TAMS 0x0000000706600000, 0x0000000706600000| Untracked 
|  36|0x0000000706800000, 0x0000000706800000, 0x0000000706a00000|  0%| F|  |TAMS 0x0000000706800000, 0x0000000706800000| Untracked 
|  37|0x0000000706a00000, 0x0000000706a00000, 0x0000000706c00000|  0%| F|  |TAMS 0x0000000706a00000, 0x0000000706a00000| Untracked 
|  38|0x0000000706c00000, 0x0000000706c00000, 0x0000000706e00000|  0%| F|  |TAMS 0x0000000706c00000, 0x0000000706c00000| Untracked 
|  39|0x0000000706e00000, 0x0000000706e00000, 0x0000000707000000|  0%| F|  |TAMS 0x0000000706e00000, 0x0000000706e00000| Untracked 
|  40|0x0000000707000000, 0x0000000707000000, 0x0000000707200000|  0%| F|  |TAMS 0x0000000707000000, 0x0000000707000000| Untracked 
|  41|0x0000000707200000, 0x0000000707200000, 0x0000000707400000|  0%| F|  |TAMS 0x0000000707200000, 0x0000000707200000| Untracked 
|  42|0x0000000707400000, 0x0000000707400000, 0x0000000707600000|  0%| F|  |TAMS 0x0000000707400000, 0x0000000707400000| Untracked 
|  43|0x0000000707600000, 0x0000000707600000, 0x0000000707800000|  0%| F|  |TAMS 0x0000000707600000, 0x0000000707600000| Untracked 
|  44|0x0000000707800000, 0x0000000707800000, 0x0000000707a00000|  0%| F|  |TAMS 0x0000000707800000, 0x0000000707800000| Untracked 
|  45|0x0000000707a00000, 0x0000000707a00000, 0x0000000707c00000|  0%| F|  |TAMS 0x0000000707a00000, 0x0000000707a00000| Untracked 
|  46|0x0000000707c00000, 0x0000000707c00000, 0x0000000707e00000|  0%| F|  |TAMS 0x0000000707c00000, 0x0000000707c00000| Untracked 
|  47|0x0000000707e00000, 0x0000000707e00000, 0x0000000708000000|  0%| F|  |TAMS 0x0000000707e00000, 0x0000000707e00000| Untracked 
|  48|0x0000000708000000, 0x0000000708000000, 0x0000000708200000|  0%| F|  |TAMS 0x0000000708000000, 0x0000000708000000| Untracked 
|  49|0x0000000708200000, 0x0000000708200000, 0x0000000708400000|  0%| F|  |TAMS 0x0000000708200000, 0x0000000708200000| Untracked 
|  50|0x0000000708400000, 0x0000000708400000, 0x0000000708600000|  0%| F|  |TAMS 0x0000000708400000, 0x0000000708400000| Untracked 
|  51|0x0000000708600000, 0x0000000708600000, 0x0000000708800000|  0%| F|  |TAMS 0x0000000708600000, 0x0000000708600000| Untracked 
|  52|0x0000000708800000, 0x0000000708800000, 0x0000000708a00000|  0%| F|  |TAMS 0x0000000708800000, 0x0000000708800000| Untracked 
|  53|0x0000000708a00000, 0x0000000708a00000, 0x0000000708c00000|  0%| F|  |TAMS 0x0000000708a00000, 0x0000000708a00000| Untracked 
|  54|0x0000000708c00000, 0x0000000708c00000, 0x0000000708e00000|  0%| F|  |TAMS 0x0000000708c00000, 0x0000000708c00000| Untracked 
|  55|0x0000000708e00000, 0x0000000708e00000, 0x0000000709000000|  0%| F|  |TAMS 0x0000000708e00000, 0x0000000708e00000| Untracked 
|  56|0x0000000709000000, 0x0000000709000000, 0x0000000709200000|  0%| F|  |TAMS 0x0000000709000000, 0x0000000709000000| Untracked 
|  57|0x0000000709200000, 0x0000000709200000, 0x0000000709400000|  0%| F|  |TAMS 0x0000000709200000, 0x0000000709200000| Untracked 
|  58|0x0000000709400000, 0x0000000709400000, 0x0000000709600000|  0%| F|  |TAMS 0x0000000709400000, 0x0000000709400000| Untracked 
|  59|0x0000000709600000, 0x0000000709600000, 0x0000000709800000|  0%| F|  |TAMS 0x0000000709600000, 0x0000000709600000| Untracked 
|  60|0x0000000709800000, 0x0000000709800000, 0x0000000709a00000|  0%| F|  |TAMS 0x0000000709800000, 0x0000000709800000| Untracked 
|  61|0x0000000709a00000, 0x0000000709a00000, 0x0000000709c00000|  0%| F|  |TAMS 0x0000000709a00000, 0x0000000709a00000| Untracked 
|  62|0x0000000709c00000, 0x0000000709c00000, 0x0000000709e00000|  0%| F|  |TAMS 0x0000000709c00000, 0x0000000709c00000| Untracked 
|  63|0x0000000709e00000, 0x0000000709e00000, 0x000000070a000000|  0%| F|  |TAMS 0x0000000709e00000, 0x0000000709e00000| Untracked 
|  64|0x000000070a000000, 0x000000070a000000, 0x000000070a200000|  0%| F|  |TAMS 0x000000070a000000, 0x000000070a000000| Untracked 
|  65|0x000000070a200000, 0x000000070a200000, 0x000000070a400000|  0%| F|  |TAMS 0x000000070a200000, 0x000000070a200000| Untracked 
|  66|0x000000070a400000, 0x000000070a400000, 0x000000070a600000|  0%| F|  |TAMS 0x000000070a400000, 0x000000070a400000| Untracked 
|  67|0x000000070a600000, 0x000000070a600000, 0x000000070a800000|  0%| F|  |TAMS 0x000000070a600000, 0x000000070a600000| Untracked 
|  68|0x000000070a800000, 0x000000070a800000, 0x000000070aa00000|  0%| F|  |TAMS 0x000000070a800000, 0x000000070a800000| Untracked 
|  69|0x000000070aa00000, 0x000000070aa00000, 0x000000070ac00000|  0%| F|  |TAMS 0x000000070aa00000, 0x000000070aa00000| Untracked 
|  70|0x000000070ac00000, 0x000000070ac00000, 0x000000070ae00000|  0%| F|  |TAMS 0x000000070ac00000, 0x000000070ac00000| Untracked 
|  71|0x000000070ae00000, 0x000000070ae00000, 0x000000070b000000|  0%| F|  |TAMS 0x000000070ae00000, 0x000000070ae00000| Untracked 
|  72|0x000000070b000000, 0x000000070b000000, 0x000000070b200000|  0%| F|  |TAMS 0x000000070b000000, 0x000000070b000000| Untracked 
|  73|0x000000070b200000, 0x000000070b200000, 0x000000070b400000|  0%| F|  |TAMS 0x000000070b200000, 0x000000070b200000| Untracked 
|  74|0x000000070b400000, 0x000000070b400000, 0x000000070b600000|  0%| F|  |TAMS 0x000000070b400000, 0x000000070b400000| Untracked 
|  75|0x000000070b600000, 0x000000070b600000, 0x000000070b800000|  0%| F|  |TAMS 0x000000070b600000, 0x000000070b600000| Untracked 
|  76|0x000000070b800000, 0x000000070b800000, 0x000000070ba00000|  0%| F|  |TAMS 0x000000070b800000, 0x000000070b800000| Untracked 
|  77|0x000000070ba00000, 0x000000070ba00000, 0x000000070bc00000|  0%| F|  |TAMS 0x000000070ba00000, 0x000000070ba00000| Untracked 
|  78|0x000000070bc00000, 0x000000070bc00000, 0x000000070be00000|  0%| F|  |TAMS 0x000000070bc00000, 0x000000070bc00000| Untracked 
|  79|0x000000070be00000, 0x000000070be00000, 0x000000070c000000|  0%| F|  |TAMS 0x000000070be00000, 0x000000070be00000| Untracked 
|  80|0x000000070c000000, 0x000000070c000000, 0x000000070c200000|  0%| F|  |TAMS 0x000000070c000000, 0x000000070c000000| Untracked 
|  81|0x000000070c200000, 0x000000070c200000, 0x000000070c400000|  0%| F|  |TAMS 0x000000070c200000, 0x000000070c200000| Untracked 
|  82|0x000000070c400000, 0x000000070c400000, 0x000000070c600000|  0%| F|  |TAMS 0x000000070c400000, 0x000000070c400000| Untracked 
|  83|0x000000070c600000, 0x000000070c600000, 0x000000070c800000|  0%| F|  |TAMS 0x000000070c600000, 0x000000070c600000| Untracked 
|  84|0x000000070c800000, 0x000000070c800000, 0x000000070ca00000|  0%| F|  |TAMS 0x000000070c800000, 0x000000070c800000| Untracked 
|  85|0x000000070ca00000, 0x000000070ca00000, 0x000000070cc00000|  0%| F|  |TAMS 0x000000070ca00000, 0x000000070ca00000| Untracked 
|  86|0x000000070cc00000, 0x000000070cc00000, 0x000000070ce00000|  0%| F|  |TAMS 0x000000070cc00000, 0x000000070cc00000| Untracked 
|  87|0x000000070ce00000, 0x000000070ce00000, 0x000000070d000000|  0%| F|  |TAMS 0x000000070ce00000, 0x000000070ce00000| Untracked 
|  88|0x000000070d000000, 0x000000070d000000, 0x000000070d200000|  0%| F|  |TAMS 0x000000070d000000, 0x000000070d000000| Untracked 
|  89|0x000000070d200000, 0x000000070d200000, 0x000000070d400000|  0%| F|  |TAMS 0x000000070d200000, 0x000000070d200000| Untracked 
|  90|0x000000070d400000, 0x000000070d400000, 0x000000070d600000|  0%| F|  |TAMS 0x000000070d400000, 0x000000070d400000| Untracked 
|  91|0x000000070d600000, 0x000000070d600000, 0x000000070d800000|  0%| F|  |TAMS 0x000000070d600000, 0x000000070d600000| Untracked 
|  92|0x000000070d800000, 0x000000070d90b7d8, 0x000000070da00000| 52%| S|CS|TAMS 0x000000070d800000, 0x000000070d800000| Complete 
|  93|0x000000070da00000, 0x000000070dc00000, 0x000000070dc00000|100%| S|CS|TAMS 0x000000070da00000, 0x000000070da00000| Complete 
|  94|0x000000070dc00000, 0x000000070dc00000, 0x000000070de00000|  0%| F|  |TAMS 0x000000070dc00000, 0x000000070dc00000| Untracked 
|  95|0x000000070de00000, 0x000000070de00000, 0x000000070e000000|  0%| F|  |TAMS 0x000000070de00000, 0x000000070de00000| Untracked 
|  96|0x000000070e000000, 0x000000070e000000, 0x000000070e200000|  0%| F|  |TAMS 0x000000070e000000, 0x000000070e000000| Untracked 
|  97|0x000000070e200000, 0x000000070e200000, 0x000000070e400000|  0%| F|  |TAMS 0x000000070e200000, 0x000000070e200000| Untracked 
|  98|0x000000070e400000, 0x000000070e400000, 0x000000070e600000|  0%| F|  |TAMS 0x000000070e400000, 0x000000070e400000| Untracked 
|  99|0x000000070e600000, 0x000000070e600000, 0x000000070e800000|  0%| F|  |TAMS 0x000000070e600000, 0x000000070e600000| Untracked 
| 100|0x000000070e800000, 0x000000070e800000, 0x000000070ea00000|  0%| F|  |TAMS 0x000000070e800000, 0x000000070e800000| Untracked 
| 101|0x000000070ea00000, 0x000000070ea00000, 0x000000070ec00000|  0%| F|  |TAMS 0x000000070ea00000, 0x000000070ea00000| Untracked 
| 102|0x000000070ec00000, 0x000000070ec00000, 0x000000070ee00000|  0%| F|  |TAMS 0x000000070ec00000, 0x000000070ec00000| Untracked 
| 103|0x000000070ee00000, 0x000000070ee00000, 0x000000070f000000|  0%| F|  |TAMS 0x000000070ee00000, 0x000000070ee00000| Untracked 
| 104|0x000000070f000000, 0x000000070f000000, 0x000000070f200000|  0%| F|  |TAMS 0x000000070f000000, 0x000000070f000000| Untracked 
| 105|0x000000070f200000, 0x000000070f200000, 0x000000070f400000|  0%| F|  |TAMS 0x000000070f200000, 0x000000070f200000| Untracked 
| 106|0x000000070f400000, 0x000000070f400000, 0x000000070f600000|  0%| F|  |TAMS 0x000000070f400000, 0x000000070f400000| Untracked 
| 107|0x000000070f600000, 0x000000070f600000, 0x000000070f800000|  0%| F|  |TAMS 0x000000070f600000, 0x000000070f600000| Untracked 
| 108|0x000000070f800000, 0x000000070f800000, 0x000000070fa00000|  0%| F|  |TAMS 0x000000070f800000, 0x000000070f800000| Untracked 
| 109|0x000000070fa00000, 0x000000070fa00000, 0x000000070fc00000|  0%| F|  |TAMS 0x000000070fa00000, 0x000000070fa00000| Untracked 
| 110|0x000000070fc00000, 0x000000070fc00000, 0x000000070fe00000|  0%| F|  |TAMS 0x000000070fc00000, 0x000000070fc00000| Untracked 
| 111|0x000000070fe00000, 0x000000070fe00000, 0x0000000710000000|  0%| F|  |TAMS 0x000000070fe00000, 0x000000070fe00000| Untracked 
| 112|0x0000000710000000, 0x0000000710000000, 0x0000000710200000|  0%| F|  |TAMS 0x0000000710000000, 0x0000000710000000| Untracked 
| 113|0x0000000710200000, 0x0000000710400000, 0x0000000710400000|100%| E|  |TAMS 0x0000000710200000, 0x0000000710200000| Complete 
| 114|0x0000000710400000, 0x0000000710600000, 0x0000000710600000|100%| E|CS|TAMS 0x0000000710400000, 0x0000000710400000| Complete 
| 115|0x0000000710600000, 0x0000000710800000, 0x0000000710800000|100%| E|CS|TAMS 0x0000000710600000, 0x0000000710600000| Complete 
| 116|0x0000000710800000, 0x0000000710a00000, 0x0000000710a00000|100%| E|CS|TAMS 0x0000000710800000, 0x0000000710800000| Complete 
| 117|0x0000000710a00000, 0x0000000710c00000, 0x0000000710c00000|100%| E|CS|TAMS 0x0000000710a00000, 0x0000000710a00000| Complete 
| 118|0x0000000710c00000, 0x0000000710e00000, 0x0000000710e00000|100%| E|CS|TAMS 0x0000000710c00000, 0x0000000710c00000| Complete 
| 119|0x0000000710e00000, 0x0000000711000000, 0x0000000711000000|100%| E|CS|TAMS 0x0000000710e00000, 0x0000000710e00000| Complete 
| 120|0x0000000711000000, 0x0000000711200000, 0x0000000711200000|100%| E|CS|TAMS 0x0000000711000000, 0x0000000711000000| Complete 
| 121|0x0000000711200000, 0x0000000711400000, 0x0000000711400000|100%| E|CS|TAMS 0x0000000711200000, 0x0000000711200000| Complete 
| 122|0x0000000711400000, 0x0000000711600000, 0x0000000711600000|100%| E|CS|TAMS 0x0000000711400000, 0x0000000711400000| Complete 
| 123|0x0000000711600000, 0x0000000711800000, 0x0000000711800000|100%| E|CS|TAMS 0x0000000711600000, 0x0000000711600000| Complete 
| 124|0x0000000711800000, 0x0000000711a00000, 0x0000000711a00000|100%| E|CS|TAMS 0x0000000711800000, 0x0000000711800000| Complete 
| 125|0x0000000711a00000, 0x0000000711c00000, 0x0000000711c00000|100%| E|CS|TAMS 0x0000000711a00000, 0x0000000711a00000| Complete 
| 126|0x0000000711c00000, 0x0000000711e00000, 0x0000000711e00000|100%| E|CS|TAMS 0x0000000711c00000, 0x0000000711c00000| Complete 
| 127|0x0000000711e00000, 0x0000000712000000, 0x0000000712000000|100%| E|CS|TAMS 0x0000000711e00000, 0x0000000711e00000| Complete 
| 128|0x0000000712000000, 0x0000000712200000, 0x0000000712200000|100%| E|CS|TAMS 0x0000000712000000, 0x0000000712000000| Complete 
| 129|0x0000000712200000, 0x0000000712400000, 0x0000000712400000|100%| E|CS|TAMS 0x0000000712200000, 0x0000000712200000| Complete 
| 130|0x0000000712400000, 0x0000000712600000, 0x0000000712600000|100%| E|CS|TAMS 0x0000000712400000, 0x0000000712400000| Complete 
| 131|0x0000000712600000, 0x0000000712800000, 0x0000000712800000|100%| E|CS|TAMS 0x0000000712600000, 0x0000000712600000| Complete 
| 132|0x0000000712800000, 0x0000000712a00000, 0x0000000712a00000|100%| E|CS|TAMS 0x0000000712800000, 0x0000000712800000| Complete 
| 133|0x0000000712a00000, 0x0000000712c00000, 0x0000000712c00000|100%| E|CS|TAMS 0x0000000712a00000, 0x0000000712a00000| Complete 
| 134|0x0000000712c00000, 0x0000000712e00000, 0x0000000712e00000|100%| E|CS|TAMS 0x0000000712c00000, 0x0000000712c00000| Complete 
| 135|0x0000000712e00000, 0x0000000713000000, 0x0000000713000000|100%| E|CS|TAMS 0x0000000712e00000, 0x0000000712e00000| Complete 
| 136|0x0000000713000000, 0x0000000713200000, 0x0000000713200000|100%| E|CS|TAMS 0x0000000713000000, 0x0000000713000000| Complete 
| 137|0x0000000713200000, 0x0000000713400000, 0x0000000713400000|100%| E|CS|TAMS 0x0000000713200000, 0x0000000713200000| Complete 
| 138|0x0000000713400000, 0x0000000713600000, 0x0000000713600000|100%| E|CS|TAMS 0x0000000713400000, 0x0000000713400000| Complete 
| 139|0x0000000713600000, 0x0000000713800000, 0x0000000713800000|100%| E|CS|TAMS 0x0000000713600000, 0x0000000713600000| Complete 
| 140|0x0000000713800000, 0x0000000713a00000, 0x0000000713a00000|100%| E|CS|TAMS 0x0000000713800000, 0x0000000713800000| Complete 
| 141|0x0000000713a00000, 0x0000000713c00000, 0x0000000713c00000|100%| E|CS|TAMS 0x0000000713a00000, 0x0000000713a00000| Complete 
| 142|0x0000000713c00000, 0x0000000713e00000, 0x0000000713e00000|100%| E|CS|TAMS 0x0000000713c00000, 0x0000000713c00000| Complete 
| 143|0x0000000713e00000, 0x0000000714000000, 0x0000000714000000|100%| E|CS|TAMS 0x0000000713e00000, 0x0000000713e00000| Complete 
| 144|0x0000000714000000, 0x0000000714200000, 0x0000000714200000|100%| E|CS|TAMS 0x0000000714000000, 0x0000000714000000| Complete 
| 145|0x0000000714200000, 0x0000000714400000, 0x0000000714400000|100%| E|CS|TAMS 0x0000000714200000, 0x0000000714200000| Complete 
| 146|0x0000000714400000, 0x0000000714600000, 0x0000000714600000|100%| E|CS|TAMS 0x0000000714400000, 0x0000000714400000| Complete 
| 147|0x0000000714600000, 0x0000000714800000, 0x0000000714800000|100%| E|CS|TAMS 0x0000000714600000, 0x0000000714600000| Complete 
| 148|0x0000000714800000, 0x0000000714a00000, 0x0000000714a00000|100%| E|CS|TAMS 0x0000000714800000, 0x0000000714800000| Complete 
| 149|0x0000000714a00000, 0x0000000714c00000, 0x0000000714c00000|100%| E|CS|TAMS 0x0000000714a00000, 0x0000000714a00000| Complete 
| 150|0x0000000714c00000, 0x0000000714e00000, 0x0000000714e00000|100%| E|CS|TAMS 0x0000000714c00000, 0x0000000714c00000| Complete 
| 151|0x0000000714e00000, 0x0000000715000000, 0x0000000715000000|100%| E|CS|TAMS 0x0000000714e00000, 0x0000000714e00000| Complete 
| 152|0x0000000715000000, 0x0000000715200000, 0x0000000715200000|100%| E|CS|TAMS 0x0000000715000000, 0x0000000715000000| Complete 
| 153|0x0000000715200000, 0x0000000715400000, 0x0000000715400000|100%| E|CS|TAMS 0x0000000715200000, 0x0000000715200000| Complete 
| 154|0x0000000715400000, 0x0000000715600000, 0x0000000715600000|100%| E|CS|TAMS 0x0000000715400000, 0x0000000715400000| Complete 
| 155|0x0000000715600000, 0x0000000715800000, 0x0000000715800000|100%| E|CS|TAMS 0x0000000715600000, 0x0000000715600000| Complete 
| 156|0x0000000715800000, 0x0000000715a00000, 0x0000000715a00000|100%| E|CS|TAMS 0x0000000715800000, 0x0000000715800000| Complete 
| 157|0x0000000715a00000, 0x0000000715c00000, 0x0000000715c00000|100%| E|CS|TAMS 0x0000000715a00000, 0x0000000715a00000| Complete 
| 158|0x0000000715c00000, 0x0000000715e00000, 0x0000000715e00000|100%| E|CS|TAMS 0x0000000715c00000, 0x0000000715c00000| Complete 
| 159|0x0000000715e00000, 0x0000000716000000, 0x0000000716000000|100%| E|CS|TAMS 0x0000000715e00000, 0x0000000715e00000| Complete 
| 160|0x0000000716000000, 0x0000000716200000, 0x0000000716200000|100%| E|CS|TAMS 0x0000000716000000, 0x0000000716000000| Complete 
| 161|0x0000000716200000, 0x0000000716400000, 0x0000000716400000|100%| E|CS|TAMS 0x0000000716200000, 0x0000000716200000| Complete 
| 162|0x0000000716400000, 0x0000000716600000, 0x0000000716600000|100%| E|CS|TAMS 0x0000000716400000, 0x0000000716400000| Complete 
| 163|0x0000000716600000, 0x0000000716800000, 0x0000000716800000|100%| E|CS|TAMS 0x0000000716600000, 0x0000000716600000| Complete 
| 164|0x0000000716800000, 0x0000000716a00000, 0x0000000716a00000|100%| E|CS|TAMS 0x0000000716800000, 0x0000000716800000| Complete 
| 165|0x0000000716a00000, 0x0000000716c00000, 0x0000000716c00000|100%| E|CS|TAMS 0x0000000716a00000, 0x0000000716a00000| Complete 
| 166|0x0000000716c00000, 0x0000000716e00000, 0x0000000716e00000|100%| E|CS|TAMS 0x0000000716c00000, 0x0000000716c00000| Complete 
| 167|0x0000000716e00000, 0x0000000717000000, 0x0000000717000000|100%| E|CS|TAMS 0x0000000716e00000, 0x0000000716e00000| Complete 
| 168|0x0000000717000000, 0x0000000717200000, 0x0000000717200000|100%| E|CS|TAMS 0x0000000717000000, 0x0000000717000000| Complete 
| 169|0x0000000717200000, 0x0000000717400000, 0x0000000717400000|100%| E|CS|TAMS 0x0000000717200000, 0x0000000717200000| Complete 
| 170|0x0000000717400000, 0x0000000717600000, 0x0000000717600000|100%| E|CS|TAMS 0x0000000717400000, 0x0000000717400000| Complete 
| 171|0x0000000717600000, 0x0000000717800000, 0x0000000717800000|100%| E|CS|TAMS 0x0000000717600000, 0x0000000717600000| Complete 
| 172|0x0000000717800000, 0x0000000717a00000, 0x0000000717a00000|100%| E|CS|TAMS 0x0000000717800000, 0x0000000717800000| Complete 
| 173|0x0000000717a00000, 0x0000000717c00000, 0x0000000717c00000|100%| E|CS|TAMS 0x0000000717a00000, 0x0000000717a00000| Complete 
| 174|0x0000000717c00000, 0x0000000717e00000, 0x0000000717e00000|100%| E|CS|TAMS 0x0000000717c00000, 0x0000000717c00000| Complete 
| 175|0x0000000717e00000, 0x0000000718000000, 0x0000000718000000|100%| E|CS|TAMS 0x0000000717e00000, 0x0000000717e00000| Complete 
| 176|0x0000000718000000, 0x0000000718200000, 0x0000000718200000|100%| E|CS|TAMS 0x0000000718000000, 0x0000000718000000| Complete 
| 177|0x0000000718200000, 0x0000000718400000, 0x0000000718400000|100%| E|CS|TAMS 0x0000000718200000, 0x0000000718200000| Complete 
| 178|0x0000000718400000, 0x0000000718600000, 0x0000000718600000|100%| E|CS|TAMS 0x0000000718400000, 0x0000000718400000| Complete 
| 179|0x0000000718600000, 0x0000000718800000, 0x0000000718800000|100%| E|CS|TAMS 0x0000000718600000, 0x0000000718600000| Complete 
| 180|0x0000000718800000, 0x0000000718a00000, 0x0000000718a00000|100%| E|CS|TAMS 0x0000000718800000, 0x0000000718800000| Complete 
| 181|0x0000000718a00000, 0x0000000718c00000, 0x0000000718c00000|100%| E|CS|TAMS 0x0000000718a00000, 0x0000000718a00000| Complete 
| 182|0x0000000718c00000, 0x0000000718e00000, 0x0000000718e00000|100%| E|CS|TAMS 0x0000000718c00000, 0x0000000718c00000| Complete 
| 183|0x0000000718e00000, 0x0000000719000000, 0x0000000719000000|100%| E|CS|TAMS 0x0000000718e00000, 0x0000000718e00000| Complete 
| 184|0x0000000719000000, 0x0000000719200000, 0x0000000719200000|100%| E|CS|TAMS 0x0000000719000000, 0x0000000719000000| Complete 
| 185|0x0000000719200000, 0x0000000719400000, 0x0000000719400000|100%| E|CS|TAMS 0x0000000719200000, 0x0000000719200000| Complete 
| 186|0x0000000719400000, 0x0000000719600000, 0x0000000719600000|100%| E|CS|TAMS 0x0000000719400000, 0x0000000719400000| Complete 
| 187|0x0000000719600000, 0x0000000719800000, 0x0000000719800000|100%| E|CS|TAMS 0x0000000719600000, 0x0000000719600000| Complete 
| 188|0x0000000719800000, 0x0000000719a00000, 0x0000000719a00000|100%| E|CS|TAMS 0x0000000719800000, 0x0000000719800000| Complete 
| 189|0x0000000719a00000, 0x0000000719c00000, 0x0000000719c00000|100%| E|CS|TAMS 0x0000000719a00000, 0x0000000719a00000| Complete 
| 190|0x0000000719c00000, 0x0000000719e00000, 0x0000000719e00000|100%| E|CS|TAMS 0x0000000719c00000, 0x0000000719c00000| Complete 
| 191|0x0000000719e00000, 0x000000071a000000, 0x000000071a000000|100%| E|CS|TAMS 0x0000000719e00000, 0x0000000719e00000| Complete 
| 192|0x000000071a000000, 0x000000071a200000, 0x000000071a200000|100%| E|CS|TAMS 0x000000071a000000, 0x000000071a000000| Complete 
| 193|0x000000071a200000, 0x000000071a400000, 0x000000071a400000|100%| E|CS|TAMS 0x000000071a200000, 0x000000071a200000| Complete 
| 194|0x000000071a400000, 0x000000071a600000, 0x000000071a600000|100%| E|CS|TAMS 0x000000071a400000, 0x000000071a400000| Complete 
| 195|0x000000071a600000, 0x000000071a800000, 0x000000071a800000|100%| E|CS|TAMS 0x000000071a600000, 0x000000071a600000| Complete 
| 196|0x000000071a800000, 0x000000071aa00000, 0x000000071aa00000|100%| E|CS|TAMS 0x000000071a800000, 0x000000071a800000| Complete 
| 197|0x000000071aa00000, 0x000000071ac00000, 0x000000071ac00000|100%| E|CS|TAMS 0x000000071aa00000, 0x000000071aa00000| Complete 
| 198|0x000000071ac00000, 0x000000071ae00000, 0x000000071ae00000|100%| E|CS|TAMS 0x000000071ac00000, 0x000000071ac00000| Complete 
| 199|0x000000071ae00000, 0x000000071b000000, 0x000000071b000000|100%| E|CS|TAMS 0x000000071ae00000, 0x000000071ae00000| Complete 
| 200|0x000000071b000000, 0x000000071b200000, 0x000000071b200000|100%| E|CS|TAMS 0x000000071b000000, 0x000000071b000000| Complete 
| 201|0x000000071b200000, 0x000000071b400000, 0x000000071b400000|100%| E|CS|TAMS 0x000000071b200000, 0x000000071b200000| Complete 
| 202|0x000000071b400000, 0x000000071b600000, 0x000000071b600000|100%| E|CS|TAMS 0x000000071b400000, 0x000000071b400000| Complete 
| 203|0x000000071b600000, 0x000000071b800000, 0x000000071b800000|100%| E|CS|TAMS 0x000000071b600000, 0x000000071b600000| Complete 
| 204|0x000000071b800000, 0x000000071ba00000, 0x000000071ba00000|100%| E|CS|TAMS 0x000000071b800000, 0x000000071b800000| Complete 
| 205|0x000000071ba00000, 0x000000071bc00000, 0x000000071bc00000|100%| E|CS|TAMS 0x000000071ba00000, 0x000000071ba00000| Complete 
| 206|0x000000071bc00000, 0x000000071be00000, 0x000000071be00000|100%| E|CS|TAMS 0x000000071bc00000, 0x000000071bc00000| Complete 
| 207|0x000000071be00000, 0x000000071c000000, 0x000000071c000000|100%| E|CS|TAMS 0x000000071be00000, 0x000000071be00000| Complete 
| 208|0x000000071c000000, 0x000000071c200000, 0x000000071c200000|100%| E|CS|TAMS 0x000000071c000000, 0x000000071c000000| Complete 
| 209|0x000000071c200000, 0x000000071c400000, 0x000000071c400000|100%| E|CS|TAMS 0x000000071c200000, 0x000000071c200000| Complete 
| 210|0x000000071c400000, 0x000000071c600000, 0x000000071c600000|100%| E|CS|TAMS 0x000000071c400000, 0x000000071c400000| Complete 
| 211|0x000000071c600000, 0x000000071c800000, 0x000000071c800000|100%| E|CS|TAMS 0x000000071c600000, 0x000000071c600000| Complete 
| 212|0x000000071c800000, 0x000000071ca00000, 0x000000071ca00000|100%| E|CS|TAMS 0x000000071c800000, 0x000000071c800000| Complete 
| 213|0x000000071ca00000, 0x000000071cc00000, 0x000000071cc00000|100%| E|CS|TAMS 0x000000071ca00000, 0x000000071ca00000| Complete 
| 214|0x000000071cc00000, 0x000000071ce00000, 0x000000071ce00000|100%| E|CS|TAMS 0x000000071cc00000, 0x000000071cc00000| Complete 
| 215|0x000000071ce00000, 0x000000071d000000, 0x000000071d000000|100%| E|CS|TAMS 0x000000071ce00000, 0x000000071ce00000| Complete 
| 216|0x000000071d000000, 0x000000071d200000, 0x000000071d200000|100%| E|CS|TAMS 0x000000071d000000, 0x000000071d000000| Complete 
| 217|0x000000071d200000, 0x000000071d400000, 0x000000071d400000|100%| E|CS|TAMS 0x000000071d200000, 0x000000071d200000| Complete 
| 218|0x000000071d400000, 0x000000071d600000, 0x000000071d600000|100%| E|CS|TAMS 0x000000071d400000, 0x000000071d400000| Complete 
| 219|0x000000071d600000, 0x000000071d800000, 0x000000071d800000|100%| E|CS|TAMS 0x000000071d600000, 0x000000071d600000| Complete 
| 220|0x000000071d800000, 0x000000071da00000, 0x000000071da00000|100%| E|CS|TAMS 0x000000071d800000, 0x000000071d800000| Complete 
| 221|0x000000071da00000, 0x000000071dc00000, 0x000000071dc00000|100%| E|CS|TAMS 0x000000071da00000, 0x000000071da00000| Complete 
| 222|0x000000071dc00000, 0x000000071de00000, 0x000000071de00000|100%| E|CS|TAMS 0x000000071dc00000, 0x000000071dc00000| Complete 
| 223|0x000000071de00000, 0x000000071e000000, 0x000000071e000000|100%| E|CS|TAMS 0x000000071de00000, 0x000000071de00000| Complete 
| 224|0x000000071e000000, 0x000000071e200000, 0x000000071e200000|100%| E|CS|TAMS 0x000000071e000000, 0x000000071e000000| Complete 
| 225|0x000000071e200000, 0x000000071e400000, 0x000000071e400000|100%| E|CS|TAMS 0x000000071e200000, 0x000000071e200000| Complete 
| 226|0x000000071e400000, 0x000000071e600000, 0x000000071e600000|100%| E|CS|TAMS 0x000000071e400000, 0x000000071e400000| Complete 
| 227|0x000000071e600000, 0x000000071e800000, 0x000000071e800000|100%| E|CS|TAMS 0x000000071e600000, 0x000000071e600000| Complete 
| 228|0x000000071e800000, 0x000000071ea00000, 0x000000071ea00000|100%| E|CS|TAMS 0x000000071e800000, 0x000000071e800000| Complete 
| 229|0x000000071ea00000, 0x000000071ec00000, 0x000000071ec00000|100%| E|CS|TAMS 0x000000071ea00000, 0x000000071ea00000| Complete 
| 230|0x000000071ec00000, 0x000000071ee00000, 0x000000071ee00000|100%| E|CS|TAMS 0x000000071ec00000, 0x000000071ec00000| Complete 
| 231|0x000000071ee00000, 0x000000071f000000, 0x000000071f000000|100%| E|CS|TAMS 0x000000071ee00000, 0x000000071ee00000| Complete 
| 232|0x000000071f000000, 0x000000071f200000, 0x000000071f200000|100%| E|CS|TAMS 0x000000071f000000, 0x000000071f000000| Complete 
| 233|0x000000071f200000, 0x000000071f400000, 0x000000071f400000|100%| E|CS|TAMS 0x000000071f200000, 0x000000071f200000| Complete 

Card table byte_map: [0x000001bcb8780000,0x000001bcb8f70000] _byte_map_base: 0x000001bcb4f70000

Marking Bits (Prev, Next): (CMBitMap*) 0x000001bca0daabe0, (CMBitMap*) 0x000001bca0daaba0
 Prev Bits: [0x000001bcbd6e0000, 0x000001bcc1660000)
 Next Bits: [0x000001bcb9760000, 0x000001bcbd6e0000)

Polling page: 0x000001bc9ef00000

Metaspace:

Usage:
  Non-class:     20.10 MB capacity,    19.91 MB (>99%) used,   158.91 KB ( <1%) free+waste,    37.62 KB ( <1%) overhead. 
      Class:      2.76 MB capacity,     2.61 MB ( 95%) used,   136.98 KB (  5%) free+waste,    14.19 KB ( <1%) overhead. 
       Both:     22.86 MB capacity,    22.52 MB ( 99%) used,   295.89 KB (  1%) free+waste,    51.81 KB ( <1%) overhead. 

Virtual space:
  Non-class space:       22.00 MB reserved,      20.17 MB ( 92%) committed 
      Class space:        1.00 GB reserved,       2.88 MB ( <1%) committed 
             Both:        1.02 GB reserved,      23.05 MB (  2%) committed 

Chunk freelists:
   Non-Class:  74.00 KB
       Class:  0 bytes
        Both:  74.00 KB

MaxMetaspaceSize: 17179869184.00 GB
CompressedClassSpaceSize: 1.00 GB

CodeHeap 'non-profiled nmethods': size=120000Kb used=3517Kb max_used=3517Kb free=116482Kb
 bounds [0x000001bcb0a60000, 0x000001bcb0dd0000, 0x000001bcb7f90000]
CodeHeap 'profiled nmethods': size=120000Kb used=6827Kb max_used=7851Kb free=113172Kb
 bounds [0x000001bca9530000, 0x000001bca9ce0000, 0x000001bcb0a60000]
CodeHeap 'non-nmethods': size=5760Kb used=1263Kb max_used=1354Kb free=4497Kb
 bounds [0x000001bca8f90000, 0x000001bca9200000, 0x000001bca9530000]
 total_blobs=4224 nmethods=3682 adapters=454
 compilation: enabled
              stopped_count=0, restarted_count=0
 full_count=0

Compilation events (20 events):
Event: 55.890 Thread 0x000001bcc44c0f40 nmethod 4563 0x000001bcb0dbfb90 code [0x000001bcb0dbfd00, 0x000001bcb0dbfe78]
Event: 55.890 Thread 0x000001bcc44c0f40 4568       4       org.apache.jena.iri.impl.LexerQuery::yyreset (61 bytes)
Event: 55.892 Thread 0x000001bcc44c0f40 nmethod 4568 0x000001bcb0dbff10 code [0x000001bcb0dc0080, 0x000001bcb0dc01f8]
Event: 55.892 Thread 0x000001bcc44c0f40 4576       4       org.apache.commons.codec.digest.MurmurHash3::getLittleEndianLong (109 bytes)
Event: 55.894 Thread 0x000001bcc44c0f40 nmethod 4576 0x000001bcb0dc0290 code [0x000001bcb0dc0400, 0x000001bcb0dc0518]
Event: 55.894 Thread 0x000001bcc44c0f40 4583       4       org.apache.jena.datatypes.xsd.XSDDatatype::parseValidated (2 bytes)
Event: 55.894 Thread 0x000001bcc44c0f40 nmethod 4583 0x000001bcb0dc0610 code [0x000001bcb0dc0780, 0x000001bcb0dc07d8]
Event: 55.894 Thread 0x000001bcc44c0f40 4558       4       org.apache.jena.reasoner.transitiveReasoner.GraphNode::assertLinkTo (33 bytes)
Event: 55.898 Thread 0x000001bcc44c0f40 nmethod 4558 0x000001bcb0dc0910 code [0x000001bcb0dc0ae0, 0x000001bcb0dc0df0]
Event: 55.898 Thread 0x000001bcc44c0f40 4559       4       org.apache.jena.reasoner.transitiveReasoner.GraphNode::clearTripleCache (6 bytes)
Event: 55.899 Thread 0x000001bcc44c0f40 nmethod 4559 0x000001bcb0dc1110 code [0x000001bcb0dc1280, 0x000001bcb0dc1338]
Event: 55.916 Thread 0x000001bcc544d860 nmethod 4547 0x000001bcb0dc1410 code [0x000001bcb0dc1600, 0x000001bcb0dc42c8]
Event: 55.924 Thread 0x000001bcc544d860 4594       4       java.lang.Integer::hashCode (8 bytes)
Event: 55.924 Thread 0x000001bcc544d860 nmethod 4594 0x000001bcb0dc4a10 code [0x000001bcb0dc4b80, 0x000001bcb0dc4bd8]
Event: 56.051 Thread 0x000001bcc44c5690 4595       3       jdk.internal.misc.InnocuousThread::eraseThreadLocals (23 bytes)
Event: 56.051 Thread 0x000001bcc44c5690 nmethod 4595 0x000001bca9545890 code [0x000001bca9545a20, 0x000001bca9545c18]
Event: 60.043 Thread 0x000001bcc44c0f40 4596   !   4       org.apache.jena.ontology.impl.OntResourceImpl::isIndividual (418 bytes)
Event: 60.126 Thread 0x000001bcc44c0f40 nmethod 4596 0x000001bcb0dc4d10 code [0x000001bcb0dc5280, 0x000001bcb0dc98a0]
Event: 68.217 Thread 0x000001bcc44c0f40 4597       4       org.apache.jena.reasoner.transitiveReasoner.GraphNode::triplesForSuccessors (138 bytes)
Event: 68.288 Thread 0x000001bcc44c0f40 nmethod 4597 0x000001bcb0dcbe90 code [0x000001bcb0dcc0e0, 0x000001bcb0dce818]

GC Heap History (20 events):
Event: 64.872 GC heap before
{Heap before GC invocations=90 (full 0):
 garbage-first heap   total 479232K, used 311704K [0x0000000702000000, 0x0000000800000000)
  region size 2048K, 140 young (286720K), 4 survivors (8192K)
 Metaspace       used 23057K, capacity 23405K, committed 23600K, reserved 1071104K
  class space    used 2671K, capacity 2823K, committed 2944K, reserved 1048576K
}
Event: 64.883 GC heap after
{Heap after GC invocations=91 (full 0):
 garbage-first heap   total 479232K, used 32729K [0x0000000702000000, 0x0000000800000000)
  region size 2048K, 4 young (8192K), 4 survivors (8192K)
 Metaspace       used 23057K, capacity 23405K, committed 23600K, reserved 1071104K
  class space    used 2671K, capacity 2823K, committed 2944K, reserved 1048576K
}
Event: 65.568 GC heap before
{Heap before GC invocations=91 (full 0):
 garbage-first heap   total 479232K, used 311257K [0x0000000702000000, 0x0000000800000000)
  region size 2048K, 140 young (286720K), 4 survivors (8192K)
 Metaspace       used 23057K, capacity 23405K, committed 23600K, reserved 1071104K
  class space    used 2671K, capacity 2823K, committed 2944K, reserved 1048576K
}
Event: 65.578 GC heap after
{Heap after GC invocations=92 (full 0):
 garbage-first heap   total 479232K, used 31731K [0x0000000702000000, 0x0000000800000000)
  region size 2048K, 3 young (6144K), 3 survivors (6144K)
 Metaspace       used 23057K, capacity 23405K, committed 23600K, reserved 1071104K
  class space    used 2671K, capacity 2823K, committed 2944K, reserved 1048576K
}
Event: 66.360 GC heap before
{Heap before GC invocations=92 (full 0):
 garbage-first heap   total 479232K, used 312307K [0x0000000702000000, 0x0000000800000000)
  region size 2048K, 140 young (286720K), 3 survivors (6144K)
 Metaspace       used 23057K, capacity 23405K, committed 23600K, reserved 1071104K
  class space    used 2671K, capacity 2823K, committed 2944K, reserved 1048576K
}
Event: 66.370 GC heap after
{Heap after GC invocations=93 (full 0):
 garbage-first heap   total 479232K, used 31885K [0x0000000702000000, 0x0000000800000000)
  region size 2048K, 3 young (6144K), 3 survivors (6144K)
 Metaspace       used 23057K, capacity 23405K, committed 23600K, reserved 1071104K
  class space    used 2671K, capacity 2823K, committed 2944K, reserved 1048576K
}
Event: 67.013 GC heap before
{Heap before GC invocations=93 (full 0):
 garbage-first heap   total 479232K, used 312461K [0x0000000702000000, 0x0000000800000000)
  region size 2048K, 140 young (286720K), 3 survivors (6144K)
 Metaspace       used 23057K, capacity 23405K, committed 23600K, reserved 1071104K
  class space    used 2671K, capacity 2823K, committed 2944K, reserved 1048576K
}
Event: 67.023 GC heap after
{Heap after GC invocations=94 (full 0):
 garbage-first heap   total 479232K, used 32245K [0x0000000702000000, 0x0000000800000000)
  region size 2048K, 2 young (4096K), 2 survivors (4096K)
 Metaspace       used 23057K, capacity 23405K, committed 23600K, reserved 1071104K
  class space    used 2671K, capacity 2823K, committed 2944K, reserved 1048576K
}
Event: 67.746 GC heap before
{Heap before GC invocations=94 (full 0):
 garbage-first heap   total 479232K, used 314869K [0x0000000702000000, 0x0000000800000000)
  region size 2048K, 140 young (286720K), 2 survivors (4096K)
 Metaspace       used 23057K, capacity 23405K, committed 23600K, reserved 1071104K
  class space    used 2671K, capacity 2823K, committed 2944K, reserved 1048576K
}
Event: 67.752 GC heap after
{Heap after GC invocations=95 (full 0):
 garbage-first heap   total 479232K, used 31923K [0x0000000702000000, 0x0000000800000000)
  region size 2048K, 2 young (4096K), 2 survivors (4096K)
 Metaspace       used 23057K, capacity 23405K, committed 23600K, reserved 1071104K
  class space    used 2671K, capacity 2823K, committed 2944K, reserved 1048576K
}
Event: 68.442 GC heap before
{Heap before GC invocations=95 (full 0):
 garbage-first heap   total 479232K, used 314547K [0x0000000702000000, 0x0000000800000000)
  region size 2048K, 140 young (286720K), 2 survivors (4096K)
 Metaspace       used 23057K, capacity 23405K, committed 23600K, reserved 1071104K
  class space    used 2671K, capacity 2823K, committed 2944K, reserved 1048576K
}
Event: 68.449 GC heap after
{Heap after GC invocations=96 (full 0):
 garbage-first heap   total 479232K, used 32480K [0x0000000702000000, 0x0000000800000000)
  region size 2048K, 2 young (4096K), 2 survivors (4096K)
 Metaspace       used 23057K, capacity 23405K, committed 23600K, reserved 1071104K
  class space    used 2671K, capacity 2823K, committed 2944K, reserved 1048576K
}
Event: 69.242 GC heap before
{Heap before GC invocations=96 (full 0):
 garbage-first heap   total 479232K, used 315104K [0x0000000702000000, 0x0000000800000000)
  region size 2048K, 140 young (286720K), 2 survivors (4096K)
 Metaspace       used 23057K, capacity 23405K, committed 23600K, reserved 1071104K
  class space    used 2671K, capacity 2823K, committed 2944K, reserved 1048576K
}
Event: 69.249 GC heap after
{Heap after GC invocations=97 (full 0):
 garbage-first heap   total 479232K, used 32492K [0x0000000702000000, 0x0000000800000000)
  region size 2048K, 2 young (4096K), 2 survivors (4096K)
 Metaspace       used 23057K, capacity 23405K, committed 23600K, reserved 1071104K
  class space    used 2671K, capacity 2823K, committed 2944K, reserved 1048576K
}
Event: 69.905 GC heap before
{Heap before GC invocations=97 (full 0):
 garbage-first heap   total 479232K, used 315116K [0x0000000702000000, 0x0000000800000000)
  region size 2048K, 140 young (286720K), 2 survivors (4096K)
 Metaspace       used 23057K, capacity 23405K, committed 23600K, reserved 1071104K
  class space    used 2671K, capacity 2823K, committed 2944K, reserved 1048576K
}
Event: 69.913 GC heap after
{Heap after GC invocations=98 (full 0):
 garbage-first heap   total 479232K, used 32679K [0x0000000702000000, 0x0000000800000000)
  region size 2048K, 2 young (4096K), 2 survivors (4096K)
 Metaspace       used 23057K, capacity 23405K, committed 23600K, reserved 1071104K
  class space    used 2671K, capacity 2823K, committed 2944K, reserved 1048576K
}
Event: 70.612 GC heap before
{Heap before GC invocations=98 (full 0):
 garbage-first heap   total 479232K, used 315303K [0x0000000702000000, 0x0000000800000000)
  region size 2048K, 140 young (286720K), 2 survivors (4096K)
 Metaspace       used 23057K, capacity 23405K, committed 23600K, reserved 1071104K
  class space    used 2671K, capacity 2823K, committed 2944K, reserved 1048576K
}
Event: 70.619 GC heap after
{Heap after GC invocations=99 (full 0):
 garbage-first heap   total 479232K, used 32544K [0x0000000702000000, 0x0000000800000000)
  region size 2048K, 2 young (4096K), 2 survivors (4096K)
 Metaspace       used 23057K, capacity 23405K, committed 23600K, reserved 1071104K
  class space    used 2671K, capacity 2823K, committed 2944K, reserved 1048576K
}
Event: 71.316 GC heap before
{Heap before GC invocations=99 (full 0):
 garbage-first heap   total 479232K, used 315168K [0x0000000702000000, 0x0000000800000000)
  region size 2048K, 140 young (286720K), 2 survivors (4096K)
 Metaspace       used 23057K, capacity 23405K, committed 23600K, reserved 1071104K
  class space    used 2671K, capacity 2823K, committed 2944K, reserved 1048576K
}
Event: 71.325 GC heap after
{Heap after GC invocations=100 (full 0):
 garbage-first heap   total 479232K, used 32214K [0x0000000702000000, 0x0000000800000000)
  region size 2048K, 2 young (4096K), 2 survivors (4096K)
 Metaspace       used 23057K, capacity 23405K, committed 23600K, reserved 1071104K
  class space    used 2671K, capacity 2823K, committed 2944K, reserved 1048576K
}

Deoptimization events (20 events):
Event: 55.834 Thread 0x000001bca0d573b0 DEOPT PACKING pc=0x000001bca984210e sp=0x00000012fdffe290
Event: 55.834 Thread 0x000001bca0d573b0 DEOPT UNPACKING pc=0x000001bca8fde23f sp=0x00000012fdffd820 mode 0
Event: 55.834 Thread 0x000001bca0d573b0 DEOPT PACKING pc=0x000001bca984210e sp=0x00000012fdffe290
Event: 55.834 Thread 0x000001bca0d573b0 DEOPT UNPACKING pc=0x000001bca8fde23f sp=0x00000012fdffd820 mode 0
Event: 55.834 Thread 0x000001bca0d573b0 DEOPT PACKING pc=0x000001bca984210e sp=0x00000012fdffe290
Event: 55.834 Thread 0x000001bca0d573b0 DEOPT UNPACKING pc=0x000001bca8fde23f sp=0x00000012fdffd820 mode 0
Event: 55.834 Thread 0x000001bca0d573b0 DEOPT PACKING pc=0x000001bca984210e sp=0x00000012fdffe290
Event: 55.834 Thread 0x000001bca0d573b0 DEOPT UNPACKING pc=0x000001bca8fde23f sp=0x00000012fdffd820 mode 0
Event: 55.835 Thread 0x000001bca0d573b0 DEOPT PACKING pc=0x000001bca984210e sp=0x00000012fdffe290
Event: 55.835 Thread 0x000001bca0d573b0 DEOPT UNPACKING pc=0x000001bca8fde23f sp=0x00000012fdffd820 mode 0
Event: 55.835 Thread 0x000001bca0d573b0 DEOPT PACKING pc=0x000001bca984210e sp=0x00000012fdffe290
Event: 55.835 Thread 0x000001bca0d573b0 DEOPT UNPACKING pc=0x000001bca8fde23f sp=0x00000012fdffd820 mode 0
Event: 55.843 Thread 0x000001bca0d573b0 DEOPT PACKING pc=0x000001bca988af6c sp=0x00000012fdffe340
Event: 55.843 Thread 0x000001bca0d573b0 DEOPT UNPACKING pc=0x000001bca8fde23f sp=0x00000012fdffd7a0 mode 0
Event: 55.870 Thread 0x000001bca0d573b0 DEOPT PACKING pc=0x000001bca988af6c sp=0x00000012fdffe340
Event: 55.870 Thread 0x000001bca0d573b0 DEOPT UNPACKING pc=0x000001bca8fde23f sp=0x00000012fdffd7a0 mode 0
Event: 71.969 Thread 0x000001bca0d573b0 Uncommon trap: trap_request=0xffffffde fr.pc=0x000001bcb0b95f68 relative=0x0000000000000508
Event: 71.969 Thread 0x000001bca0d573b0 Uncommon trap: reason=class_check action=maybe_recompile pc=0x000001bcb0b95f68 method=org.apache.jena.graph.Triple$Field$3.lambda$filterOn$0(Lorg/apache/jena/graph/Node;Lorg/apache/jena/graph/Triple;)Z @ 5 c2
Event: 71.969 Thread 0x000001bca0d573b0 DEOPT PACKING pc=0x000001bcb0b95f68 sp=0x00000012fdffeb30
Event: 71.969 Thread 0x000001bca0d573b0 DEOPT UNPACKING pc=0x000001bca8fde42f sp=0x00000012fdffe940 mode 2

Classes unloaded (0 events):
No events

Classes redefined (0 events):
No events

Internal exceptions (20 events):
Event: 1.835 Thread 0x000001bca0d573b0 Exception <a 'java/lang/NoSuchMethodError'{0x0000000711c898b8}: 'int java.lang.invoke.DirectMethodHandle$Holder.invokeStaticInit(java.lang.Object, java.lang.Object, java.lang.Object, java.lang.Object)'> (0x0000000711c898b8) 
thrown [./open/src/hotspot/share/interpreter/linkResolver.cpp, line 782]
Event: 1.841 Thread 0x000001bca0d573b0 Exception <a 'java/lang/IncompatibleClassChangeError'{0x0000000711c934a8}: Found class java.lang.Object, but interface was expected> (0x0000000711c934a8) 
thrown [./open/src/hotspot/share/interpreter/linkResolver.cpp, line 848]
Event: 2.143 Thread 0x000001bca0d573b0 Exception <a 'java/lang/NoSuchMethodError'{0x0000000711218ad0}: 'void java.lang.invoke.DirectMethodHandle$Holder.invokeStatic(java.lang.Object, java.lang.Object, java.lang.Object)'> (0x0000000711218ad0) 
thrown [./open/src/hotspot/share/interpreter/linkResolver.cpp, line 782]
Event: 2.144 Thread 0x000001bca0d573b0 Exception <a 'java/lang/NoSuchMethodError'{0x000000071121c3c0}: 'void java.lang.invoke.DirectMethodHandle$Holder.invokeStaticInit(java.lang.Object, java.lang.Object, java.lang.Object)'> (0x000000071121c3c0) 
thrown [./open/src/hotspot/share/interpreter/linkResolver.cpp, line 782]
Event: 3.474 Thread 0x000001bca0d573b0 Exception <a 'java/lang/ClassNotFoundException'{0x000000071090d080}: com/sun/org/apache/xerces/internal/impl/msg/spi/XMLMessagesProvider> (0x000000071090d080) 
thrown [./open/src/hotspot/share/classfile/systemDictionary.cpp, line 295]
Event: 5.252 Thread 0x000001bca0d573b0 Implicit null exception at 0x000001bcb0b0cd60 to 0x000001bcb0b0cdf2
Event: 5.260 Thread 0x000001bca0d573b0 Exception <a 'java/lang/NoSuchMethodError'{0x00000007048075d8}: 'int java.lang.invoke.DirectMethodHandle$Holder.invokeSpecialIFC(java.lang.Object, java.lang.Object, java.lang.Object)'> (0x00000007048075d8) 
thrown [./open/src/hotspot/share/interpreter/linkResolver.cpp, line 782]
Event: 5.288 Thread 0x000001bca0d573b0 Exception <a 'java/lang/NoSuchMethodError'{0x00000007048f8590}: 'int java.lang.invoke.DirectMethodHandle$Holder.invokeSpecial(java.lang.Object, java.lang.Object, java.lang.Object)'> (0x00000007048f8590) 
thrown [./open/src/hotspot/share/interpreter/linkResolver.cpp, line 782]
Event: 21.411 Thread 0x000001bca0d573b0 Implicit null exception at 0x000001bcb0bd3a60 to 0x000001bcb0bd3cd2
Event: 21.433 Thread 0x000001bca0d573b0 Exception <a 'java/lang/NoSuchMethodError'{0x000000071056ace0}: 'java.lang.Object java.lang.invoke.DirectMethodHandle$Holder.invokeStatic(java.lang.Object, int, java.lang.Object)'> (0x000000071056ace0) 
thrown [./open/src/hotspot/share/interpreter/linkResolver.cpp, line 782]
Event: 21.444 Thread 0x000001bca0d573b0 Exception <a 'java/lang/ClassNotFoundException'{0x000000071057d370}: sun/util/logging/resources/spi/loggingProvider> (0x000000071057d370) 
thrown [./open/src/hotspot/share/classfile/systemDictionary.cpp, line 295]
Event: 21.665 Thread 0x000001bca0d573b0 Implicit null exception at 0x000001bcb0c54740 to 0x000001bcb0c56218
Event: 21.895 Thread 0x000001bca0d573b0 Implicit null exception at 0x000001bcb0cbbce4 to 0x000001bcb0cbf528
Event: 22.909 Thread 0x000001bca0d573b0 Exception <a 'java/lang/NoSuchMethodError'{0x00000007188fc9d0}: 'int java.lang.invoke.DirectMethodHandle$Holder.invokeVirtual(java.lang.Object, java.lang.Object, java.lang.Object)'> (0x00000007188fc9d0) 
thrown [./open/src/hotspot/share/interpreter/linkResolver.cpp, line 782]
Event: 23.408 Thread 0x000001bca0d573b0 Exception <a 'java/lang/NoSuchMethodError'{0x00000007166eff10}: 'void java.lang.invoke.DirectMethodHandle$Holder.invokeInterface(java.lang.Object, java.lang.Object, java.lang.Object, java.lang.Object)'> (0x00000007166eff10) 
thrown [./open/src/hotspot/share/interpreter/linkResolver.cpp, line 782]
Event: 23.426 Thread 0x000001bca0d573b0 Exception <a 'java/lang/NoSuchMethodError'{0x00000007167436b8}: 'java.lang.Object java.lang.invoke.Invokers$Holder.invokeExact_MT(java.lang.Object, java.lang.Object, java.lang.Object, java.lang.Object, java.lang.Object, java.lang.Object)'> (0x00000007167436b8) 
thrown [./open/src/hotspot/share/interpreter/linkResolver.cpp, line 782]
Event: 23.663 Thread 0x000001bca0d573b0 Exception <a 'java/lang/NoSuchMethodError'{0x0000000715ff2b88}: 'java.lang.Object java.lang.invoke.DirectMethodHandle$Holder.invokeSpecial(java.lang.Object, java.lang.Object, java.lang.Object, java.lang.Object, java.lang.Object, int)'> (0x0000000715ff2b88) 
thrown [./open/src/hotspot/share/interpreter/linkResolver.cpp, line 782]
Event: 23.663 Thread 0x000001bca0d573b0 Exception <a 'java/lang/NoSuchMethodError'{0x0000000715ff67c8}: 'java.lang.Object java.lang.invoke.Invokers$Holder.linkToTargetMethod(java.lang.Object, java.lang.Object, java.lang.Object, int, java.lang.Object)'> (0x0000000715ff67c8) 
thrown [./open/src/hotspot/share/interpreter/linkResolver.cpp, line 782]
Event: 23.688 Thread 0x000001bca0d573b0 Exception <a 'java/lang/NoSuchMethodError'{0x0000000715a94b28}: 'java.lang.Object java.lang.invoke.DirectMethodHandle$Holder.invokeSpecial(java.lang.Object, java.lang.Object, java.lang.Object, java.lang.Object, int)'> (0x0000000715a94b28) 
thrown [./open/src/hotspot/share/interpreter/linkResolver.cpp, line 782]
Event: 23.688 Thread 0x000001bca0d573b0 Exception <a 'java/lang/NoSuchMethodError'{0x0000000715a98450}: 'java.lang.Object java.lang.invoke.Invokers$Holder.linkToTargetMethod(java.lang.Object, java.lang.Object, int, java.lang.Object)'> (0x0000000715a98450) 
thrown [./open/src/hotspot/share/interpreter/linkResolver.cpp, line 782]

Events (20 events):
Event: 67.752 Executing VM operation: HandshakeAllThreads
Event: 67.752 Executing VM operation: HandshakeAllThreads done
Event: 68.442 Executing VM operation: G1CollectForAllocation
Event: 68.449 Executing VM operation: G1CollectForAllocation done
Event: 68.449 Executing VM operation: HandshakeAllThreads
Event: 68.450 Executing VM operation: HandshakeAllThreads done
Event: 69.242 Executing VM operation: G1CollectForAllocation
Event: 69.250 Executing VM operation: G1CollectForAllocation done
Event: 69.905 Executing VM operation: G1CollectForAllocation
Event: 69.913 Executing VM operation: G1CollectForAllocation done
Event: 69.913 Executing VM operation: HandshakeAllThreads
Event: 69.913 Executing VM operation: HandshakeAllThreads done
Event: 70.612 Executing VM operation: G1CollectForAllocation
Event: 70.619 Executing VM operation: G1CollectForAllocation done
Event: 70.619 Executing VM operation: HandshakeAllThreads
Event: 70.619 Executing VM operation: HandshakeAllThreads done
Event: 71.316 Executing VM operation: G1CollectForAllocation
Event: 71.325 Executing VM operation: G1CollectForAllocation done
Event: 71.325 Executing VM operation: HandshakeAllThreads
Event: 71.325 Executing VM operation: HandshakeAllThreads done


Dynamic libraries:
0x00007ff704c90000 - 0x00007ff704c9f000 	C:\Program Files\Java\jdk-15.0.2\bin\java.exe
0x00007ffc808f0000 - 0x00007ffc80ae5000 	C:\WINDOWS\SYSTEM32\ntdll.dll
0x00007ffc7fb20000 - 0x00007ffc7fbde000 	C:\WINDOWS\System32\KERNEL32.DLL
0x00007ffc7e2c0000 - 0x00007ffc7e588000 	C:\WINDOWS\System32\KERNELBASE.dll
0x00007ffc7e830000 - 0x00007ffc7e930000 	C:\WINDOWS\System32\ucrtbase.dll
0x00007ffc76d90000 - 0x00007ffc76da9000 	C:\Program Files\Java\jdk-15.0.2\bin\VCRUNTIME140.dll
0x00007ffc78270000 - 0x00007ffc78288000 	C:\Program Files\Java\jdk-15.0.2\bin\jli.dll
0x00007ffc7ee40000 - 0x00007ffc7eeee000 	C:\WINDOWS\System32\ADVAPI32.dll
0x00007ffc7eaf0000 - 0x00007ffc7eb8e000 	C:\WINDOWS\System32\msvcrt.dll
0x00007ffc7fbe0000 - 0x00007ffc7fc7c000 	C:\WINDOWS\System32\sechost.dll
0x00007ffc7f690000 - 0x00007ffc7f7b5000 	C:\WINDOWS\System32\RPCRT4.dll
0x00007ffc7eff0000 - 0x00007ffc7f191000 	C:\WINDOWS\System32\USER32.dll
0x00007ffc7d400000 - 0x00007ffc7d69a000 	C:\WINDOWS\WinSxS\amd64_microsoft.windows.common-controls_6595b64144ccf1df_6.0.19041.1110_none_60b5254171f9507e\COMCTL32.dll
0x00007ffc7e000000 - 0x00007ffc7e022000 	C:\WINDOWS\System32\win32u.dll
0x00007ffc80430000 - 0x00007ffc8045b000 	C:\WINDOWS\System32\GDI32.dll
0x00007ffc7e030000 - 0x00007ffc7e13d000 	C:\WINDOWS\System32\gdi32full.dll
0x00007ffc7e140000 - 0x00007ffc7e1dd000 	C:\WINDOWS\System32\msvcp_win.dll
0x00007ffc7ab80000 - 0x00007ffc7ab8a000 	C:\WINDOWS\SYSTEM32\VERSION.dll
0x00007ffc7eac0000 - 0x00007ffc7eaf0000 	C:\WINDOWS\System32\IMM32.DLL
0x00007ffc7ac10000 - 0x00007ffc7ac1c000 	C:\Program Files\Java\jdk-15.0.2\bin\vcruntime140_1.dll
0x00007ffc49f10000 - 0x00007ffc49fa1000 	C:\Program Files\Java\jdk-15.0.2\bin\msvcp140.dll
0x00007ffc29f00000 - 0x00007ffc2aa5e000 	C:\Program Files\Java\jdk-15.0.2\bin\server\jvm.dll
0x00007ffc80460000 - 0x00007ffc80468000 	C:\WINDOWS\System32\PSAPI.DLL
0x00007ffc67eb0000 - 0x00007ffc67eb9000 	C:\WINDOWS\SYSTEM32\WSOCK32.dll
0x00007ffc6acb0000 - 0x00007ffc6acd7000 	C:\WINDOWS\SYSTEM32\WINMM.dll
0x00007ffc7f1a0000 - 0x00007ffc7f20b000 	C:\WINDOWS\System32\WS2_32.dll
0x00007ffc7c1f0000 - 0x00007ffc7c202000 	C:\WINDOWS\SYSTEM32\kernel.appcore.dll
0x00007ffc76dc0000 - 0x00007ffc76dca000 	C:\Program Files\Java\jdk-15.0.2\bin\jimage.dll
0x00007ffc7da20000 - 0x00007ffc7dc04000 	C:\WINDOWS\SYSTEM32\DBGHELP.DLL
0x00007ffc7d970000 - 0x00007ffc7d99c000 	C:\WINDOWS\SYSTEM32\dbgcore.DLL
0x00007ffc7e1e0000 - 0x00007ffc7e262000 	C:\WINDOWS\System32\bcryptPrimitives.dll
0x00007ffc645e0000 - 0x00007ffc64605000 	C:\Program Files\Java\jdk-15.0.2\bin\java.dll
0x00007ffc7fce0000 - 0x00007ffc80424000 	C:\WINDOWS\System32\SHELL32.dll
0x00007ffc7ba40000 - 0x00007ffc7c1d5000 	C:\WINDOWS\SYSTEM32\windows.storage.dll
0x00007ffc7f7c0000 - 0x00007ffc7fb15000 	C:\WINDOWS\System32\combase.dll
0x00007ffc7d360000 - 0x00007ffc7d38e000 	C:\WINDOWS\SYSTEM32\Wldp.dll
0x00007ffc7ea10000 - 0x00007ffc7eabd000 	C:\WINDOWS\System32\SHCORE.dll
0x00007ffc80840000 - 0x00007ffc80895000 	C:\WINDOWS\System32\shlwapi.dll
0x00007ffc7df40000 - 0x00007ffc7df5f000 	C:\WINDOWS\SYSTEM32\profapi.dll
0x00007ffc67ab0000 - 0x00007ffc67ac9000 	C:\Program Files\Java\jdk-15.0.2\bin\net.dll
0x00007ffc6bd60000 - 0x00007ffc6be6c000 	C:\WINDOWS\SYSTEM32\WINHTTP.dll
0x00007ffc7d200000 - 0x00007ffc7d26a000 	C:\WINDOWS\system32\mswsock.dll
0x00007ffc645c0000 - 0x00007ffc645d2000 	C:\Program Files\Java\jdk-15.0.2\bin\nio.dll
0x00007ffc5ae10000 - 0x00007ffc5ae28000 	C:\Program Files\Java\jdk-15.0.2\bin\zip.dll
0x00007ffc76560000 - 0x00007ffc76570000 	C:\Program Files\Java\jdk-15.0.2\bin\verify.dll
0x00007ffc7dd80000 - 0x00007ffc7dd98000 	C:\WINDOWS\SYSTEM32\CRYPTSP.dll
0x00007ffc7ca20000 - 0x00007ffc7ca54000 	C:\WINDOWS\system32\rsaenh.dll
0x00007ffc7e590000 - 0x00007ffc7e5b7000 	C:\WINDOWS\System32\bcrypt.dll
0x00007ffc7dec0000 - 0x00007ffc7deee000 	C:\WINDOWS\SYSTEM32\USERENV.dll
0x00007ffc7d1a0000 - 0x00007ffc7d1ac000 	C:\WINDOWS\SYSTEM32\CRYPTBASE.dll
0x00007ffc7cd90000 - 0x00007ffc7cdcb000 	C:\WINDOWS\SYSTEM32\IPHLPAPI.DLL
0x00007ffc808a0000 - 0x00007ffc808a8000 	C:\WINDOWS\System32\NSI.dll
0x00007ffc76b80000 - 0x00007ffc76b97000 	C:\WINDOWS\SYSTEM32\dhcpcsvc6.DLL
0x00007ffc76b60000 - 0x00007ffc76b7d000 	C:\WINDOWS\SYSTEM32\dhcpcsvc.DLL
0x00007ffc7cdd0000 - 0x00007ffc7ce9b000 	C:\WINDOWS\SYSTEM32\DNSAPI.dll
0x00007ffc76200000 - 0x00007ffc7620a000 	C:\Windows\System32\rasadhlp.dll
0x00007ffc6b0b0000 - 0x00007ffc6b12f000 	C:\WINDOWS\System32\fwpuclnt.dll
0x00007ffc780e0000 - 0x00007ffc780ed000 	C:\Program Files\Java\jdk-15.0.2\bin\sunmscapi.dll
0x00007ffc7e670000 - 0x00007ffc7e7c6000 	C:\WINDOWS\System32\CRYPT32.dll
0x00007ffc7d3d0000 - 0x00007ffc7d3f7000 	C:\WINDOWS\SYSTEM32\ncrypt.dll
0x00007ffc7d390000 - 0x00007ffc7d3cb000 	C:\WINDOWS\SYSTEM32\NTASN1.dll

dbghelp: loaded successfully - version: 4.0.5 - missing functions: none
symbol engine: initialized successfully - sym options: 0x614 - pdb path: .;C:\Program Files\Java\jdk-15.0.2\bin;C:\WINDOWS\SYSTEM32;C:\WINDOWS\WinSxS\amd64_microsoft.windows.common-controls_6595b64144ccf1df_6.0.19041.1110_none_60b5254171f9507e;C:\Program Files\Java\jdk-15.0.2\bin\server

VM Arguments:
java_command: IDC.InstanceDrivenComparisonMain
java_class_path (initial): C:\Users\shizamura\Documents\GitHub\DatasetConverter\target\classes;C:\Users\shizamura\.m2\repository\org\apache\jena\jena-shacl\4.1.0\jena-shacl-4.1.0.jar;C:\Users\shizamura\.m2\repository\org\apache\jena\jena-arq\4.1.0\jena-arq-4.1.0.jar;C:\Users\shizamura\.m2\repository\org\apache\jena\jena-core\4.1.0\jena-core-4.1.0.jar;C:\Users\shizamura\.m2\repository\org\apache\jena\jena-base\4.1.0\jena-base-4.1.0.jar;C:\Users\shizamura\.m2\repository\org\apache\jena\jena-shaded-guava\4.1.0\jena-shaded-guava-4.1.0.jar;C:\Users\shizamura\.m2\repository\org\apache\commons\commons-csv\1.8\commons-csv-1.8.jar;C:\Users\shizamura\.m2\repository\commons-codec\commons-codec\1.15\commons-codec-1.15.jar;C:\Users\shizamura\.m2\repository\org\apache\commons\commons-compress\1.20\commons-compress-1.20.jar;C:\Users\shizamura\.m2\repository\com\github\andrewoma\dexx\collection\0.7\collection-0.7.jar;C:\Users\shizamura\.m2\repository\commons-cli\commons-cli\1.4\commons-cli-1.4.jar;C:\Users\shizamura\.m2\repository\org\apache\httpcomponents\httpclient\4.5.13\httpclient-4.5.13.jar;C:\Users\shizamura\.m2\repository\org\apache\httpcomponents\httpcore\4.4.13\httpcore-4.4.13.jar;C:\Users\shizamura\.m2\repository\com\github\jsonld-java\jsonld-java\0.13.3\jsonld-java-0.13.3.jar;C:\Users\shizamura\.m2\repository\commons-io\commons-io\2.8.0\commons-io-2.8.0.jar;C:\Users\shizamura\.m2\repository\com\fasterxml\jackson\core\jackson-core\2.12.3\jackson-core-2.12.3.jar;C:\Users\shizamura\.m2\repository\com\fasterxml\jackson\core\jackson-databind\2.12.3\jackson-databind-2.12.3.jar;C:\Users\shizamura\.m2\repository\com\fasterxml\jackson\core\jackson-annotations\2.12.3\jackson-annotations-2.12.3.jar;C:\Users\shizamura\.m2\repository\org\apache\httpcomponents\httpclient-cache\4.5.13\httpclient-cache-4.5.13.jar;C:\Users\shizamura\.m2\repository\org\apache\thrift\libthrift\0.14.1\libthrift-0.14.1.jar;C:\Users\shizamura\.m2\repository\javax\annotation\javax.annotation-api\1.3.2\javax.
Launcher Type: SUN_STANDARD

[Global flags]
     intx CICompilerCount                          = 3                                         {product} {ergonomic}
     uint ConcGCThreads                            = 1                                         {product} {ergonomic}
     uint G1ConcRefinementThreads                  = 4                                         {product} {ergonomic}
   size_t G1HeapRegionSize                         = 2097152                                   {product} {ergonomic}
    uintx GCDrainStackTargetSize                   = 64                                        {product} {ergonomic}
   size_t InitialHeapSize                          = 266338304                                 {product} {ergonomic}
   size_t MarkStackSize                            = 4194304                                   {product} {ergonomic}
   size_t MaxHeapSize                              = 4261412864                                {product} {ergonomic}
   size_t MaxNewSize                               = 2556428288                                {product} {ergonomic}
   size_t MinHeapDeltaBytes                        = 2097152                                   {product} {ergonomic}
   size_t MinHeapSize                              = 8388608                                   {product} {ergonomic}
    uintx NonNMethodCodeHeapSize                   = 5832780                                {pd product} {ergonomic}
    uintx NonProfiledCodeHeapSize                  = 122912730                              {pd product} {ergonomic}
    uintx ProfiledCodeHeapSize                     = 122912730                              {pd product} {ergonomic}
    uintx ReservedCodeCacheSize                    = 251658240                              {pd product} {ergonomic}
     bool SegmentedCodeCache                       = true                                      {product} {ergonomic}
   size_t SoftMaxHeapSize                          = 4261412864                             {manageable} {ergonomic}
     bool UseCompressedClassPointers               = true                                 {lp64_product} {ergonomic}
     bool UseCompressedOops                        = true                                 {lp64_product} {ergonomic}
     bool UseG1GC                                  = true                                      {product} {ergonomic}
     bool UseLargePagesIndividualAllocation        = false                                  {pd product} {ergonomic}

Logging:
Log output configuration:
 #0: stdout all=warning uptime,level,tags
 #1: stderr all=off uptime,level,tags

Environment Variables:
JAVA_HOME=C:\Program Files\Java\jdk-15.0.2
PATH=C:\Program Files\Common Files\Oracle\Java\javapath;C:\WINDOWS\system32;C:\WINDOWS;C:\WINDOWS\System32\Wbem;C:\WINDOWS\System32\WindowsPowerShell\v1.0\;C:\WINDOWS\System32\OpenSSH\;C:\Users\shizamura\AppData\Local\Microsoft\WindowsApps;"C:\Program Files\Java\jdk-15.0.2\bin.;";C:\Users\shizamura\AppData\Local\GitHubDesktop\bin;C:\Program Files\JetBrains\PyCharm Community Edition 2021.2.2\bin;
USERNAME=shizamura
OS=Windows_NT
PROCESSOR_IDENTIFIER=Intel64 Family 6 Model 78 Stepping 3, GenuineIntel



---------------  S Y S T E M  ---------------

OS:
 Windows 10 , 64 bit Build 19041 (10.0.19041.1466)
OS uptime: 0 days 1:45 hours
HyperV virtualization detected

CPU: total 4 (initial active 4) (2 cores per cpu, 2 threads per core) family 6 model 78 stepping 3 microcode 0xcc, cmov, cx8, fxsr, mmx, sse, sse2, sse3, ssse3, sse4.1, sse4.2, popcnt, vzeroupper, avx, avx2, aes, clmul, erms, 3dnowpref, lzcnt, ht, tsc, tscinvbit, bmi1, bmi2, adx, fma, clflush, clflushopt

Memory: 4k page, system-wide physical 16248M (5540M free)
TotalPageFile size 32496M (AvailPageFile size 17356M)
current process WorkingSet (physical memory assigned to process): 537M, peak: 550M
current process commit charge ("private bytes"): 597M, peak: 611M

vm_info: Java HotSpot(TM) 64-Bit Server VM (15.0.2+7-27) for windows-amd64 JRE (15.0.2+7-27), built on Dec  7 2020 20:07:01 by "mach5one" with unknown MS VC++:1925

END.
